#
# There is insufficient memory for the Java Runtime Environment to continue.
# Native memory allocation (malloc) failed to allocate 1141552 bytes for Chunk::new
# Possible reasons:
#   The system is out of physical RAM or swap space
#   The process is running with CompressedOops enabled, and the Java Heap may be blocking the growth of the native heap
# Possible solutions:
#   Reduce memory load on the system
#   Increase physical memory or swap space
#   Check if swap backing store is full
#   Decrease Java heap size (-Xmx/-Xms)
#   Decrease number of Java threads
#   Decrease Java thread stack sizes (-Xss)
#   Set larger code cache with -XX:ReservedCodeCacheSize=
#   JVM is running with Unscaled Compressed Oops mode in which the Java heap is
#     placed in the first 4GB address space. The Java Heap base address is the
#     maximum limit for the native heap growth. Please use -XX:HeapBaseMinAddress
#     to set the Java Heap base and to place the Java Heap above 4GB virtual address.
# This output file may be truncated or incomplete.
#
#  Out of Memory Error (arena.cpp:168), pid=9700, tid=12024
#
# JRE version: Java(TM) SE Runtime Environment (21.0.6+8) (build 21.0.6+8-LTS-188)
# Java VM: Java HotSpot(TM) 64-Bit Server VM (21.0.6+8-LTS-188, mixed mode, sharing, tiered, compressed oops, compressed class ptrs, g1 gc, windows-amd64)
# No core dump will be written. Minidumps are not enabled by default on client versions of Windows
#

---------------  S U M M A R Y ------------

Command Line: --add-opens=java.base/java.util=ALL-UNNAMED --add-opens=java.base/java.lang=ALL-UNNAMED --add-opens=java.base/java.lang.invoke=ALL-UNNAMED --add-opens=java.prefs/java.util.prefs=ALL-UNNAMED --add-exports=jdk.compiler/com.sun.tools.javac.api=ALL-UNNAMED --add-exports=jdk.compiler/com.sun.tools.javac.util=ALL-UNNAMED --add-opens=java.base/java.nio.charset=ALL-UNNAMED --add-opens=java.base/java.net=ALL-UNNAMED --add-opens=java.base/java.util.concurrent.atomic=ALL-UNNAMED -Xmx2048m -Dfile.encoding=UTF-8 -Duser.country=US -Duser.language=en -Duser.variant -javaagent:C:\Users\jerom\.gradle\wrapper\dists\gradle-8.9-bin\90cnw93cvbtalezasaz0blq0a\gradle-8.9\lib\agents\gradle-instrumentation-agent-8.9.jar org.gradle.launcher.daemon.bootstrap.GradleDaemon 8.9

Host: Intel(R) Core(TM) i5-8250U CPU @ 1.60GHz, 8 cores, 7G,  Windows 11 , 64 bit Build 26100 (10.0.26100.3775)
Time: Mon Apr 14 20:03:50 2025 Eastern Daylight Time elapsed time: 357.577353 seconds (0d 0h 5m 57s)

---------------  T H R E A D  ---------------

Current thread (0x000002ae5f2ee6a0):  JavaThread "C2 CompilerThread1" daemon [_thread_in_native, id=12024, stack(0x000000d3b5a00000,0x000000d3b5b00000) (1024K)]


Current CompileTask:
C2: 357577 15745   !   4       java.nio.file.FileTreeWalker::next (144 bytes)

Stack: [0x000000d3b5a00000,0x000000d3b5b00000]
Native frames: (J=compiled Java code, j=interpreted, Vv=VM code, C=native code)
V  [jvm.dll+0x6ca6d9]
V  [jvm.dll+0x854f51]
V  [jvm.dll+0x85747e]
V  [jvm.dll+0x857b53]
V  [jvm.dll+0x27dcc6]
V  [jvm.dll+0xc4c2d]
V  [jvm.dll+0xc5163]
V  [jvm.dll+0x3b515c]
V  [jvm.dll+0x381855]
V  [jvm.dll+0x380cca]
V  [jvm.dll+0x246920]
V  [jvm.dll+0x245eff]
V  [jvm.dll+0x1c6d2e]
V  [jvm.dll+0x2554f9]
V  [jvm.dll+0x253a8a]
V  [jvm.dll+0x3ee576]
V  [jvm.dll+0x7ff2fb]
V  [jvm.dll+0x6c8dbd]
C  [ucrtbase.dll+0x37b0]
C  [KERNEL32.DLL+0x2e8d7]
C  [ntdll.dll+0xb14fc]


---------------  P R O C E S S  ---------------

Threads class SMR info:
_java_thread_list=0x000002ae61834370, length=45, elements={
0x000002ae782f7780, 0x000002ae7fa5e340, 0x000002ae7fa5ee90, 0x000002ae7fa652c0,
0x000002ae7fa65d10, 0x000002ae7fa67510, 0x000002ae7fa68090, 0x000002ae7fa6b9d0,
0x000002ae7fa70b00, 0x000002ae1756a9d0, 0x000002ae1772e000, 0x000002ae5e663010,
0x000002ae5e798310, 0x000002ae5e77b730, 0x000002ae1777f550, 0x000002ae1777e1a0,
0x000002ae1777e830, 0x000002ae5f7a0760, 0x000002ae5f7a1480, 0x000002ae5f7a3550,
0x000002ae5f7a00d0, 0x000002ae5f7a1b10, 0x000002ae5f7a0df0, 0x000002ae5f7a4900,
0x000002ae5f7a4f90, 0x000002ae5f7a2830, 0x000002ae5f7a6340, 0x000002ae5f7a76f0,
0x000002ae638a2f70, 0x000002ae5ee93470, 0x000002ae6056ee80, 0x000002ae60568580,
0x000002ae6056ace0, 0x000002ae60569930, 0x000002ae60569fc0, 0x000002ae60568c10,
0x000002ae6056c090, 0x000002ae6056c720, 0x000002ae6056b370, 0x000002ae605692a0,
0x000002ae6056cdb0, 0x000002ae6056fba0, 0x000002ae6056dad0, 0x000002ae6056e160,
0x000002ae5f2ee6a0
}

Java Threads: ( => current thread )
  0x000002ae782f7780 JavaThread "main"                              [_thread_blocked, id=8396, stack(0x000000d3b2700000,0x000000d3b2800000) (1024K)]
  0x000002ae7fa5e340 JavaThread "Reference Handler"          daemon [_thread_blocked, id=10628, stack(0x000000d3b2f00000,0x000000d3b3000000) (1024K)]
  0x000002ae7fa5ee90 JavaThread "Finalizer"                  daemon [_thread_blocked, id=20436, stack(0x000000d3b3000000,0x000000d3b3100000) (1024K)]
  0x000002ae7fa652c0 JavaThread "Signal Dispatcher"          daemon [_thread_blocked, id=14400, stack(0x000000d3b3100000,0x000000d3b3200000) (1024K)]
  0x000002ae7fa65d10 JavaThread "Attach Listener"            daemon [_thread_blocked, id=21216, stack(0x000000d3b3200000,0x000000d3b3300000) (1024K)]
  0x000002ae7fa67510 JavaThread "Service Thread"             daemon [_thread_in_vm, id=19708, stack(0x000000d3b3300000,0x000000d3b3400000) (1024K)]
  0x000002ae7fa68090 JavaThread "Monitor Deflation Thread"   daemon [_thread_blocked, id=20208, stack(0x000000d3b3400000,0x000000d3b3500000) (1024K)]
  0x000002ae7fa6b9d0 JavaThread "C2 CompilerThread0"         daemon [_thread_in_native, id=12424, stack(0x000000d3b3500000,0x000000d3b3600000) (1024K)]
  0x000002ae7fa70b00 JavaThread "C1 CompilerThread0"         daemon [_thread_blocked, id=20360, stack(0x000000d3b3600000,0x000000d3b3700000) (1024K)]
  0x000002ae1756a9d0 JavaThread "Common-Cleaner"             daemon [_thread_blocked, id=8912, stack(0x000000d3b3700000,0x000000d3b3800000) (1024K)]
  0x000002ae1772e000 JavaThread "Notification Thread"        daemon [_thread_blocked, id=21120, stack(0x000000d3b3800000,0x000000d3b3900000) (1024K)]
  0x000002ae5e663010 JavaThread "Daemon health stats"               [_thread_blocked, id=14636, stack(0x000000d3b3e00000,0x000000d3b3f00000) (1024K)]
  0x000002ae5e798310 JavaThread "Incoming local TCP Connector on port 52573"        [_thread_in_native, id=10012, stack(0x000000d3b3900000,0x000000d3b3a00000) (1024K)]
  0x000002ae5e77b730 JavaThread "Daemon periodic checks"            [_thread_blocked, id=14344, stack(0x000000d3b3f00000,0x000000d3b4000000) (1024K)]
  0x000002ae1777f550 JavaThread "Cache worker for journal cache (C:\Users\jerom\.gradle\caches\journal-1)"        [_thread_blocked, id=20764, stack(0x000000d3b4a00000,0x000000d3b4b00000) (1024K)]
  0x000002ae1777e1a0 JavaThread "File lock request listener"        [_thread_in_native, id=12116, stack(0x000000d3b4b00000,0x000000d3b4c00000) (1024K)]
  0x000002ae1777e830 JavaThread "Cache worker for file hash cache (C:\Users\jerom\.gradle\caches\8.9\fileHashes)"        [_thread_blocked, id=4756, stack(0x000000d3b4c00000,0x000000d3b4d00000) (1024K)]
  0x000002ae5f7a0760 JavaThread "File watcher server"        daemon [_thread_in_native, id=20100, stack(0x000000d3b4d00000,0x000000d3b4e00000) (1024K)]
  0x000002ae5f7a1480 JavaThread "File watcher consumer"      daemon [_thread_blocked, id=15156, stack(0x000000d3b5000000,0x000000d3b5100000) (1024K)]
  0x000002ae5f7a3550 JavaThread "jar transforms"                    [_thread_blocked, id=9904, stack(0x000000d3b5400000,0x000000d3b5500000) (1024K)]
  0x000002ae5f7a00d0 JavaThread "jar transforms Thread 2"           [_thread_blocked, id=3164, stack(0x000000d3b5500000,0x000000d3b5600000) (1024K)]
  0x000002ae5f7a1b10 JavaThread "jar transforms Thread 3"           [_thread_blocked, id=13564, stack(0x000000d3b5600000,0x000000d3b5700000) (1024K)]
  0x000002ae5f7a0df0 JavaThread "Cache worker for file content cache (C:\Users\jerom\.gradle\caches\8.9\fileContent)"        [_thread_blocked, id=3604, stack(0x000000d3b5800000,0x000000d3b5900000) (1024K)]
  0x000002ae5f7a4900 JavaThread "jar transforms Thread 4"           [_thread_blocked, id=20192, stack(0x000000d3b5c00000,0x000000d3b5d00000) (1024K)]
  0x000002ae5f7a4f90 JavaThread "jar transforms Thread 5"           [_thread_blocked, id=12900, stack(0x000000d3b5d00000,0x000000d3b5e00000) (1024K)]
  0x000002ae5f7a2830 JavaThread "jar transforms Thread 6"           [_thread_blocked, id=4200, stack(0x000000d3b5e00000,0x000000d3b5f00000) (1024K)]
  0x000002ae5f7a6340 JavaThread "jar transforms Thread 7"           [_thread_blocked, id=7960, stack(0x000000d3b5f00000,0x000000d3b6000000) (1024K)]
  0x000002ae5f7a76f0 JavaThread "jar transforms Thread 8"           [_thread_blocked, id=17492, stack(0x000000d3b6000000,0x000000d3b6100000) (1024K)]
  0x000002ae638a2f70 JavaThread "Memory manager"                    [_thread_blocked, id=20408, stack(0x000000d3b7600000,0x000000d3b7700000) (1024K)]
  0x000002ae5ee93470 JavaThread "pool-3-thread-1"                   [_thread_blocked, id=20152, stack(0x000000d3b7700000,0x000000d3b7800000) (1024K)]
  0x000002ae6056ee80 JavaThread "pool-6-thread-1"                   [_thread_blocked, id=18912, stack(0x000000d3b7100000,0x000000d3b7200000) (1024K)]
  0x000002ae60568580 JavaThread "File lock release action executor Thread 2"        [_thread_blocked, id=12340, stack(0x000000d3b4000000,0x000000d3b4100000) (1024K)]
  0x000002ae6056ace0 JavaThread "Daemon Thread 2"                   [_thread_blocked, id=7560, stack(0x000000d3b4100000,0x000000d3b4200000) (1024K)]
  0x000002ae60569930 JavaThread "Handler for socket connection from /127.0.0.1:52573 to /127.0.0.1:54982"        [_thread_in_native, id=12060, stack(0x000000d3b4200000,0x000000d3b4300000) (1024K)]
  0x000002ae60569fc0 JavaThread "Cancel handler"                    [_thread_blocked, id=8644, stack(0x000000d3b4300000,0x000000d3b4400000) (1024K)]
  0x000002ae60568c10 JavaThread "Daemon worker Thread 2"            [_thread_in_Java, id=18680, stack(0x000000d3b4400000,0x000000d3b4500000) (1024K)]
  0x000002ae6056c090 JavaThread "Asynchronous log dispatcher for DefaultDaemonConnection: socket connection from /127.0.0.1:52573 to /127.0.0.1:54982"        [_thread_blocked, id=5360, stack(0x000000d3b4500000,0x000000d3b4600000) (1024K)]
  0x000002ae6056c720 JavaThread "Stdin handler"                     [_thread_blocked, id=15288, stack(0x000000d3b4600000,0x000000d3b4700000) (1024K)]
  0x000002ae6056b370 JavaThread "Daemon client event forwarder"        [_thread_blocked, id=1464, stack(0x000000d3b4e00000,0x000000d3b4f00000) (1024K)]
  0x000002ae605692a0 JavaThread "Cache worker for file hash cache (C:\Users\jerom\Coding\TicTacToe2\.gradle\8.9\fileHashes)"        [_thread_blocked, id=15292, stack(0x000000d3b5100000,0x000000d3b5200000) (1024K)]
  0x000002ae6056cdb0 JavaThread "Cache worker for Build Output Cleanup Cache (C:\Users\jerom\Coding\TicTacToe2\.gradle\buildOutputCleanup)"        [_thread_blocked, id=6744, stack(0x000000d3b5200000,0x000000d3b5300000) (1024K)]
  0x000002ae6056fba0 JavaThread "Cache worker for checksums cache (C:\Users\jerom\Coding\TicTacToe2\.gradle\8.9\checksums)"        [_thread_blocked, id=17348, stack(0x000000d3b5300000,0x000000d3b5400000) (1024K)]
  0x000002ae6056dad0 JavaThread "Cache worker for cache directory md-rule (C:\Users\jerom\.gradle\caches\8.9\md-rule)"        [_thread_blocked, id=18308, stack(0x000000d3b5700000,0x000000d3b5800000) (1024K)]
  0x000002ae6056e160 JavaThread "Cache worker for cache directory md-supplier (C:\Users\jerom\.gradle\caches\8.9\md-supplier)"        [_thread_blocked, id=19244, stack(0x000000d3b5900000,0x000000d3b5a00000) (1024K)]
=>0x000002ae5f2ee6a0 JavaThread "C2 CompilerThread1"         daemon [_thread_in_native, id=12024, stack(0x000000d3b5a00000,0x000000d3b5b00000) (1024K)]
Total: 45

Other Threads:
  0x000002ae7fa3e4d0 VMThread "VM Thread"                           [id=18588, stack(0x000000d3b2e00000,0x000000d3b2f00000) (1024K)]
  0x000002ae7fa26790 WatcherThread "VM Periodic Task Thread"        [id=20304, stack(0x000000d3b2d00000,0x000000d3b2e00000) (1024K)]
  0x000002ae784b24d0 WorkerThread "GC Thread#0"                     [id=12420, stack(0x000000d3b2800000,0x000000d3b2900000) (1024K)]
  0x000002ae5d1e2850 WorkerThread "GC Thread#1"                     [id=19540, stack(0x000000d3b3a00000,0x000000d3b3b00000) (1024K)]
  0x000002ae5d471e00 WorkerThread "GC Thread#2"                     [id=9948, stack(0x000000d3b3b00000,0x000000d3b3c00000) (1024K)]
  0x000002ae5d2425a0 WorkerThread "GC Thread#3"                     [id=21068, stack(0x000000d3b3c00000,0x000000d3b3d00000) (1024K)]
  0x000002ae5da7b1f0 WorkerThread "GC Thread#4"                     [id=19256, stack(0x000000d3b3d00000,0x000000d3b3e00000) (1024K)]
  0x000002ae5d957140 WorkerThread "GC Thread#5"                     [id=7040, stack(0x000000d3b4700000,0x000000d3b4800000) (1024K)]
  0x000002ae5d9574e0 WorkerThread "GC Thread#6"                     [id=7176, stack(0x000000d3b4800000,0x000000d3b4900000) (1024K)]
  0x000002ae5d957880 WorkerThread "GC Thread#7"                     [id=18920, stack(0x000000d3b4900000,0x000000d3b4a00000) (1024K)]
  0x000002ae784c42c0 ConcurrentGCThread "G1 Main Marker"            [id=20912, stack(0x000000d3b2900000,0x000000d3b2a00000) (1024K)]
  0x000002ae784c4cd0 WorkerThread "G1 Conc#0"                       [id=760, stack(0x000000d3b2a00000,0x000000d3b2b00000) (1024K)]
  0x000002ae174f96a0 WorkerThread "G1 Conc#1"                       [id=1120, stack(0x000000d3b4f00000,0x000000d3b5000000) (1024K)]
  0x000002ae7f8f39f0 ConcurrentGCThread "G1 Refine#0"               [id=21372, stack(0x000000d3b2b00000,0x000000d3b2c00000) (1024K)]
  0x000002ae7f8f5d90 ConcurrentGCThread "G1 Service"                [id=21248, stack(0x000000d3b2c00000,0x000000d3b2d00000) (1024K)]
Total: 15

Threads with active compile tasks:
C2 CompilerThread0   357652 15790       4       jdk.nio.zipfs.ZipConstants::CENFLG (9 bytes)
C2 CompilerThread1   357652 15745   !   4       java.nio.file.FileTreeWalker::next (144 bytes)
Total: 2

VM state: not at safepoint (normal execution)

VM Mutex/Monitor currently owned by a thread: None

Heap address: 0x0000000080000000, size: 2048 MB, Compressed Oops mode: 32-bit

CDS archive(s) mapped at: [0x000002ae18000000-0x000002ae18c90000-0x000002ae18c90000), size 13172736, SharedBaseAddress: 0x000002ae18000000, ArchiveRelocationMode: 1.
Compressed class space mapped at: 0x000002ae19000000-0x000002ae59000000, reserved size: 1073741824
Narrow klass base: 0x000002ae18000000, Narrow klass shift: 0, Narrow klass range: 0x100000000

GC Precious Log:
 CardTable entry size: 512
 Card Set container configuration: InlinePtr #cards 5 size 8 Array Of Cards #cards 12 size 40 Howl #buckets 4 coarsen threshold 1843 Howl Bitmap #cards 512 size 80 coarsen threshold 460 Card regions per heap region 1 cards per card region 2048
 CPUs: 8 total, 8 available
 Memory: 8007M
 Large Page Support: Disabled
 NUMA Support: Disabled
 Compressed Oops: Enabled (32-bit)
 Heap Region Size: 1M
 Heap Min Capacity: 8M
 Heap Initial Capacity: 126M
 Heap Max Capacity: 2G
 Pre-touch: Disabled
 Parallel Workers: 8
 Concurrent Workers: 2
 Concurrent Refinement Workers: 8
 Periodic GC: Disabled

Heap:
 garbage-first heap   total 208896K, used 128740K [0x0000000080000000, 0x0000000100000000)
  region size 1024K, 11 young (11264K), 8 survivors (8192K)
 Metaspace       used 115466K, committed 117888K, reserved 1179648K
  class space    used 15384K, committed 16576K, reserved 1048576K

Heap Regions: E=young(eden), S=young(survivor), O=old, HS=humongous(starts), HC=humongous(continues), CS=collection set, F=free, TAMS=top-at-mark-start, PB=parsable bottom
|   0|0x0000000080000000, 0x0000000080100000, 0x0000000080100000|100%|HS|  |TAMS 0x0000000080100000| PB 0x0000000080000000| Complete 
|   1|0x0000000080100000, 0x0000000080200000, 0x0000000080200000|100%|HC|  |TAMS 0x0000000080200000| PB 0x0000000080100000| Complete 
|   2|0x0000000080200000, 0x0000000080300000, 0x0000000080300000|100%|HC|  |TAMS 0x0000000080300000| PB 0x0000000080200000| Complete 
|   3|0x0000000080300000, 0x0000000080400000, 0x0000000080400000|100%|HC|  |TAMS 0x0000000080400000| PB 0x0000000080300000| Complete 
|   4|0x0000000080400000, 0x0000000080500000, 0x0000000080500000|100%| O|  |TAMS 0x0000000080500000| PB 0x0000000080400000| Untracked 
|   5|0x0000000080500000, 0x0000000080600000, 0x0000000080600000|100%| O|  |TAMS 0x0000000080600000| PB 0x0000000080500000| Untracked 
|   6|0x0000000080600000, 0x0000000080700000, 0x0000000080700000|100%| O|  |TAMS 0x0000000080700000| PB 0x0000000080600000| Untracked 
|   7|0x0000000080700000, 0x0000000080800000, 0x0000000080800000|100%| O|  |TAMS 0x0000000080800000| PB 0x0000000080700000| Untracked 
|   8|0x0000000080800000, 0x0000000080900000, 0x0000000080900000|100%| O|  |TAMS 0x0000000080900000| PB 0x0000000080800000| Untracked 
|   9|0x0000000080900000, 0x0000000080a00000, 0x0000000080a00000|100%| O|  |TAMS 0x0000000080a00000| PB 0x0000000080900000| Untracked 
|  10|0x0000000080a00000, 0x0000000080b00000, 0x0000000080b00000|100%| O|  |TAMS 0x0000000080b00000| PB 0x0000000080a00000| Untracked 
|  11|0x0000000080b00000, 0x0000000080c00000, 0x0000000080c00000|100%|HS|  |TAMS 0x0000000080c00000| PB 0x0000000080b00000| Complete 
|  12|0x0000000080c00000, 0x0000000080d00000, 0x0000000080d00000|100%| O|  |TAMS 0x0000000080d00000| PB 0x0000000080c00000| Untracked 
|  13|0x0000000080d00000, 0x0000000080e00000, 0x0000000080e00000|100%| O|  |TAMS 0x0000000080e00000| PB 0x0000000080d00000| Untracked 
|  14|0x0000000080e00000, 0x0000000080f00000, 0x0000000080f00000|100%| O|  |TAMS 0x0000000080f00000| PB 0x0000000080e00000| Untracked 
|  15|0x0000000080f00000, 0x0000000081000000, 0x0000000081000000|100%| O|  |TAMS 0x0000000081000000| PB 0x0000000080f00000| Untracked 
|  16|0x0000000081000000, 0x0000000081100000, 0x0000000081100000|100%| O|  |TAMS 0x0000000081100000| PB 0x0000000081000000| Untracked 
|  17|0x0000000081100000, 0x0000000081200000, 0x0000000081200000|100%| O|  |TAMS 0x0000000081200000| PB 0x0000000081100000| Untracked 
|  18|0x0000000081200000, 0x0000000081300000, 0x0000000081300000|100%| O|  |TAMS 0x0000000081300000| PB 0x0000000081200000| Untracked 
|  19|0x0000000081300000, 0x0000000081400000, 0x0000000081400000|100%| O|  |TAMS 0x0000000081400000| PB 0x0000000081300000| Untracked 
|  20|0x0000000081400000, 0x0000000081500000, 0x0000000081500000|100%| O|  |TAMS 0x0000000081500000| PB 0x0000000081400000| Untracked 
|  21|0x0000000081500000, 0x0000000081600000, 0x0000000081600000|100%| O|  |TAMS 0x0000000081600000| PB 0x0000000081500000| Untracked 
|  22|0x0000000081600000, 0x0000000081700000, 0x0000000081700000|100%| O|  |TAMS 0x0000000081700000| PB 0x0000000081600000| Untracked 
|  23|0x0000000081700000, 0x0000000081800000, 0x0000000081800000|100%| O|  |TAMS 0x0000000081800000| PB 0x0000000081700000| Untracked 
|  24|0x0000000081800000, 0x0000000081900000, 0x0000000081900000|100%| O|  |TAMS 0x0000000081900000| PB 0x0000000081800000| Untracked 
|  25|0x0000000081900000, 0x0000000081a00000, 0x0000000081a00000|100%| O|  |TAMS 0x0000000081a00000| PB 0x0000000081900000| Untracked 
|  26|0x0000000081a00000, 0x0000000081b00000, 0x0000000081b00000|100%| O|  |TAMS 0x0000000081b00000| PB 0x0000000081a00000| Untracked 
|  27|0x0000000081b00000, 0x0000000081c00000, 0x0000000081c00000|100%| O|  |TAMS 0x0000000081c00000| PB 0x0000000081b00000| Untracked 
|  28|0x0000000081c00000, 0x0000000081d00000, 0x0000000081d00000|100%| O|  |TAMS 0x0000000081d00000| PB 0x0000000081c00000| Untracked 
|  29|0x0000000081d00000, 0x0000000081e00000, 0x0000000081e00000|100%| O|  |TAMS 0x0000000081e00000| PB 0x0000000081d00000| Untracked 
|  30|0x0000000081e00000, 0x0000000081f00000, 0x0000000081f00000|100%| O|  |TAMS 0x0000000081f00000| PB 0x0000000081e00000| Untracked 
|  31|0x0000000081f00000, 0x0000000082000000, 0x0000000082000000|100%| O|  |TAMS 0x0000000082000000| PB 0x0000000081f00000| Untracked 
|  32|0x0000000082000000, 0x0000000082100000, 0x0000000082100000|100%| O|  |TAMS 0x0000000082100000| PB 0x0000000082000000| Untracked 
|  33|0x0000000082100000, 0x0000000082200000, 0x0000000082200000|100%| O|  |TAMS 0x0000000082100000| PB 0x0000000082100000| Untracked 
|  34|0x0000000082200000, 0x0000000082300000, 0x0000000082300000|100%| O|  |TAMS 0x0000000082300000| PB 0x0000000082200000| Untracked 
|  35|0x0000000082300000, 0x0000000082400000, 0x0000000082400000|100%| O|  |TAMS 0x0000000082400000| PB 0x0000000082300000| Untracked 
|  36|0x0000000082400000, 0x0000000082500000, 0x0000000082500000|100%| O|  |TAMS 0x0000000082500000| PB 0x0000000082400000| Untracked 
|  37|0x0000000082500000, 0x0000000082600000, 0x0000000082600000|100%| O|  |TAMS 0x0000000082600000| PB 0x0000000082500000| Untracked 
|  38|0x0000000082600000, 0x0000000082700000, 0x0000000082700000|100%| O|  |TAMS 0x0000000082700000| PB 0x0000000082600000| Untracked 
|  39|0x0000000082700000, 0x0000000082800000, 0x0000000082800000|100%| O|  |TAMS 0x0000000082800000| PB 0x0000000082700000| Untracked 
|  40|0x0000000082800000, 0x0000000082900000, 0x0000000082900000|100%| O|  |TAMS 0x0000000082900000| PB 0x0000000082800000| Untracked 
|  41|0x0000000082900000, 0x0000000082a00000, 0x0000000082a00000|100%| O|  |TAMS 0x0000000082a00000| PB 0x0000000082900000| Untracked 
|  42|0x0000000082a00000, 0x0000000082b00000, 0x0000000082b00000|100%| O|  |TAMS 0x0000000082b00000| PB 0x0000000082a00000| Untracked 
|  43|0x0000000082b00000, 0x0000000082c00000, 0x0000000082c00000|100%|HS|  |TAMS 0x0000000082c00000| PB 0x0000000082b00000| Complete 
|  44|0x0000000082c00000, 0x0000000082d00000, 0x0000000082d00000|100%| O|  |TAMS 0x0000000082d00000| PB 0x0000000082c00000| Untracked 
|  45|0x0000000082d00000, 0x0000000082e00000, 0x0000000082e00000|100%| O|  |TAMS 0x0000000082e00000| PB 0x0000000082d00000| Untracked 
|  46|0x0000000082e00000, 0x0000000082f00000, 0x0000000082f00000|100%| O|  |TAMS 0x0000000082f00000| PB 0x0000000082e00000| Untracked 
|  47|0x0000000082f00000, 0x0000000083000000, 0x0000000083000000|100%| O|  |TAMS 0x0000000083000000| PB 0x0000000082f00000| Untracked 
|  48|0x0000000083000000, 0x0000000083100000, 0x0000000083100000|100%| O|  |TAMS 0x0000000083100000| PB 0x0000000083000000| Untracked 
|  49|0x0000000083100000, 0x0000000083200000, 0x0000000083200000|100%| O|  |TAMS 0x0000000083200000| PB 0x0000000083100000| Untracked 
|  50|0x0000000083200000, 0x0000000083300000, 0x0000000083300000|100%| O|  |TAMS 0x0000000083300000| PB 0x0000000083200000| Untracked 
|  51|0x0000000083300000, 0x0000000083400000, 0x0000000083400000|100%| O|  |TAMS 0x0000000083400000| PB 0x0000000083300000| Untracked 
|  52|0x0000000083400000, 0x0000000083500000, 0x0000000083500000|100%| O|  |TAMS 0x0000000083500000| PB 0x0000000083400000| Untracked 
|  53|0x0000000083500000, 0x00000000835cfa98, 0x0000000083600000| 81%| O|  |TAMS 0x0000000083500000| PB 0x0000000083500000| Untracked 
|  54|0x0000000083600000, 0x0000000083700000, 0x0000000083700000|100%| O|  |TAMS 0x0000000083700000| PB 0x0000000083600000| Untracked 
|  55|0x0000000083700000, 0x0000000083800000, 0x0000000083800000|100%| O|  |TAMS 0x0000000083800000| PB 0x0000000083700000| Untracked 
|  56|0x0000000083800000, 0x0000000083900000, 0x0000000083900000|100%| O|  |TAMS 0x0000000083900000| PB 0x0000000083800000| Untracked 
|  57|0x0000000083900000, 0x0000000083a00000, 0x0000000083a00000|100%| O|  |TAMS 0x0000000083a00000| PB 0x0000000083900000| Untracked 
|  58|0x0000000083a00000, 0x0000000083b00000, 0x0000000083b00000|100%| O|  |TAMS 0x0000000083b00000| PB 0x0000000083a00000| Untracked 
|  59|0x0000000083b00000, 0x0000000083c00000, 0x0000000083c00000|100%| O|  |TAMS 0x0000000083c00000| PB 0x0000000083b00000| Untracked 
|  60|0x0000000083c00000, 0x0000000083d00000, 0x0000000083d00000|100%| O|  |TAMS 0x0000000083d00000| PB 0x0000000083c00000| Untracked 
|  61|0x0000000083d00000, 0x0000000083e00000, 0x0000000083e00000|100%| O|  |TAMS 0x0000000083e00000| PB 0x0000000083d00000| Untracked 
|  62|0x0000000083e00000, 0x0000000083f00000, 0x0000000083f00000|100%| O|  |TAMS 0x0000000083f00000| PB 0x0000000083e00000| Untracked 
|  63|0x0000000083f00000, 0x0000000084000000, 0x0000000084000000|100%| O|  |TAMS 0x0000000084000000| PB 0x0000000083f00000| Untracked 
|  64|0x0000000084000000, 0x0000000084100000, 0x0000000084100000|100%| O|  |TAMS 0x0000000084100000| PB 0x0000000084000000| Untracked 
|  65|0x0000000084100000, 0x0000000084200000, 0x0000000084200000|100%| O|  |TAMS 0x0000000084200000| PB 0x0000000084100000| Untracked 
|  66|0x0000000084200000, 0x0000000084300000, 0x0000000084300000|100%| O|  |TAMS 0x0000000084300000| PB 0x0000000084200000| Untracked 
|  67|0x0000000084300000, 0x0000000084400000, 0x0000000084400000|100%|HS|  |TAMS 0x0000000084400000| PB 0x0000000084300000| Complete 
|  68|0x0000000084400000, 0x0000000084500000, 0x0000000084500000|100%| O|  |TAMS 0x0000000084500000| PB 0x0000000084400000| Untracked 
|  69|0x0000000084500000, 0x0000000084600000, 0x0000000084600000|100%| O|  |TAMS 0x0000000084600000| PB 0x0000000084500000| Untracked 
|  70|0x0000000084600000, 0x0000000084700000, 0x0000000084700000|100%| O|  |TAMS 0x0000000084700000| PB 0x0000000084600000| Untracked 
|  71|0x0000000084700000, 0x0000000084800000, 0x0000000084800000|100%|HS|  |TAMS 0x0000000084800000| PB 0x0000000084700000| Complete 
|  72|0x0000000084800000, 0x0000000084900000, 0x0000000084900000|100%|HS|  |TAMS 0x0000000084900000| PB 0x0000000084800000| Complete 
|  73|0x0000000084900000, 0x0000000084a00000, 0x0000000084a00000|100%|HS|  |TAMS 0x0000000084a00000| PB 0x0000000084900000| Complete 
|  74|0x0000000084a00000, 0x0000000084b00000, 0x0000000084b00000|100%|HS|  |TAMS 0x0000000084b00000| PB 0x0000000084a00000| Complete 
|  75|0x0000000084b00000, 0x0000000084c00000, 0x0000000084c00000|100%|HS|  |TAMS 0x0000000084c00000| PB 0x0000000084b00000| Complete 
|  76|0x0000000084c00000, 0x0000000084d00000, 0x0000000084d00000|100%|HS|  |TAMS 0x0000000084d00000| PB 0x0000000084c00000| Complete 
|  77|0x0000000084d00000, 0x0000000084e00000, 0x0000000084e00000|100%| O|  |TAMS 0x0000000084e00000| PB 0x0000000084d00000| Untracked 
|  78|0x0000000084e00000, 0x0000000084f00000, 0x0000000084f00000|100%| O|  |TAMS 0x0000000084f00000| PB 0x0000000084e00000| Untracked 
|  79|0x0000000084f00000, 0x0000000085000000, 0x0000000085000000|100%| O|  |TAMS 0x0000000085000000| PB 0x0000000084f00000| Untracked 
|  80|0x0000000085000000, 0x0000000085100000, 0x0000000085100000|100%| O|  |TAMS 0x0000000085100000| PB 0x0000000085000000| Untracked 
|  81|0x0000000085100000, 0x0000000085200000, 0x0000000085200000|100%| O|  |TAMS 0x0000000085200000| PB 0x0000000085100000| Untracked 
|  82|0x0000000085200000, 0x0000000085300000, 0x0000000085300000|100%| O|  |TAMS 0x0000000085300000| PB 0x0000000085200000| Untracked 
|  83|0x0000000085300000, 0x0000000085400000, 0x0000000085400000|100%| O|  |TAMS 0x0000000085400000| PB 0x0000000085300000| Untracked 
|  84|0x0000000085400000, 0x0000000085500000, 0x0000000085500000|100%| O|  |TAMS 0x0000000085500000| PB 0x0000000085400000| Untracked 
|  85|0x0000000085500000, 0x0000000085600000, 0x0000000085600000|100%| O|  |TAMS 0x0000000085600000| PB 0x0000000085500000| Untracked 
|  86|0x0000000085600000, 0x0000000085700000, 0x0000000085700000|100%| O|  |TAMS 0x0000000085700000| PB 0x0000000085600000| Untracked 
|  87|0x0000000085700000, 0x0000000085800000, 0x0000000085800000|100%| O|  |TAMS 0x0000000085800000| PB 0x0000000085700000| Untracked 
|  88|0x0000000085800000, 0x0000000085900000, 0x0000000085900000|100%| O|  |TAMS 0x0000000085900000| PB 0x0000000085800000| Untracked 
|  89|0x0000000085900000, 0x0000000085900000, 0x0000000085a00000|  0%| F|  |TAMS 0x0000000085900000| PB 0x0000000085900000| Untracked 
|  90|0x0000000085a00000, 0x0000000085b00000, 0x0000000085b00000|100%| O|  |TAMS 0x0000000085b00000| PB 0x0000000085a00000| Untracked 
|  91|0x0000000085b00000, 0x0000000085c00000, 0x0000000085c00000|100%| O|  |TAMS 0x0000000085c00000| PB 0x0000000085b00000| Untracked 
|  92|0x0000000085c00000, 0x0000000085d00000, 0x0000000085d00000|100%| O|  |TAMS 0x0000000085d00000| PB 0x0000000085c00000| Untracked 
|  93|0x0000000085d00000, 0x0000000085e00000, 0x0000000085e00000|100%| O|  |TAMS 0x0000000085e00000| PB 0x0000000085d00000| Untracked 
|  94|0x0000000085e00000, 0x0000000085f00000, 0x0000000085f00000|100%| O|  |TAMS 0x0000000085f00000| PB 0x0000000085e00000| Untracked 
|  95|0x0000000085f00000, 0x0000000086000000, 0x0000000086000000|100%| O|  |TAMS 0x0000000086000000| PB 0x0000000085f00000| Untracked 
|  96|0x0000000086000000, 0x0000000086100000, 0x0000000086100000|100%| O|  |TAMS 0x0000000086100000| PB 0x0000000086000000| Untracked 
|  97|0x0000000086100000, 0x0000000086200000, 0x0000000086200000|100%| O|  |TAMS 0x0000000086200000| PB 0x0000000086100000| Untracked 
|  98|0x0000000086200000, 0x0000000086300000, 0x0000000086300000|100%| O|  |TAMS 0x0000000086300000| PB 0x0000000086200000| Untracked 
|  99|0x0000000086300000, 0x0000000086400000, 0x0000000086400000|100%| O|  |TAMS 0x0000000086400000| PB 0x0000000086300000| Untracked 
| 100|0x0000000086400000, 0x0000000086500000, 0x0000000086500000|100%| O|  |TAMS 0x0000000086500000| PB 0x0000000086400000| Untracked 
| 101|0x0000000086500000, 0x0000000086600000, 0x0000000086600000|100%|HS|  |TAMS 0x0000000086600000| PB 0x0000000086500000| Complete 
| 102|0x0000000086600000, 0x0000000086700000, 0x0000000086700000|100%| O|  |TAMS 0x0000000086700000| PB 0x0000000086600000| Untracked 
| 103|0x0000000086700000, 0x0000000086800000, 0x0000000086800000|100%| O|  |TAMS 0x0000000086800000| PB 0x0000000086700000| Untracked 
| 104|0x0000000086800000, 0x0000000086900000, 0x0000000086900000|100%| O|  |TAMS 0x0000000086900000| PB 0x0000000086800000| Untracked 
| 105|0x0000000086900000, 0x0000000086a00000, 0x0000000086a00000|100%| O|  |TAMS 0x0000000086a00000| PB 0x0000000086900000| Untracked 
| 106|0x0000000086a00000, 0x0000000086b00000, 0x0000000086b00000|100%| O|  |TAMS 0x0000000086b00000| PB 0x0000000086a00000| Untracked 
| 107|0x0000000086b00000, 0x0000000086c00000, 0x0000000086c00000|100%| O|  |TAMS 0x0000000086c00000| PB 0x0000000086b00000| Untracked 
| 108|0x0000000086c00000, 0x0000000086d00000, 0x0000000086d00000|100%| O|  |TAMS 0x0000000086d00000| PB 0x0000000086c00000| Untracked 
| 109|0x0000000086d00000, 0x0000000086e00000, 0x0000000086e00000|100%| O|  |TAMS 0x0000000086e00000| PB 0x0000000086d00000| Untracked 
| 110|0x0000000086e00000, 0x0000000086f00000, 0x0000000086f00000|100%| O|  |TAMS 0x0000000086f00000| PB 0x0000000086e00000| Untracked 
| 111|0x0000000086f00000, 0x0000000087000000, 0x0000000087000000|100%| O|  |TAMS 0x0000000087000000| PB 0x0000000086f00000| Untracked 
| 112|0x0000000087000000, 0x0000000087100000, 0x0000000087100000|100%| O|  |TAMS 0x0000000087100000| PB 0x0000000087000000| Untracked 
| 113|0x0000000087100000, 0x0000000087200000, 0x0000000087200000|100%| O|  |TAMS 0x00000000871707b8| PB 0x0000000087100000| Untracked 
| 114|0x0000000087200000, 0x0000000087200000, 0x0000000087300000|  0%| F|  |TAMS 0x0000000087200000| PB 0x0000000087200000| Untracked 
| 115|0x0000000087300000, 0x0000000087300000, 0x0000000087400000|  0%| F|  |TAMS 0x0000000087300000| PB 0x0000000087300000| Untracked 
| 116|0x0000000087400000, 0x0000000087400000, 0x0000000087500000|  0%| F|  |TAMS 0x0000000087400000| PB 0x0000000087400000| Untracked 
| 117|0x0000000087500000, 0x0000000087500000, 0x0000000087600000|  0%| F|  |TAMS 0x0000000087500000| PB 0x0000000087500000| Untracked 
| 118|0x0000000087600000, 0x0000000087600000, 0x0000000087700000|  0%| F|  |TAMS 0x0000000087600000| PB 0x0000000087600000| Untracked 
| 119|0x0000000087700000, 0x0000000087700000, 0x0000000087800000|  0%| F|  |TAMS 0x0000000087700000| PB 0x0000000087700000| Untracked 
| 120|0x0000000087800000, 0x0000000087800000, 0x0000000087900000|  0%| F|  |TAMS 0x0000000087800000| PB 0x0000000087800000| Untracked 
| 121|0x0000000087900000, 0x0000000087900000, 0x0000000087a00000|  0%| F|  |TAMS 0x0000000087900000| PB 0x0000000087900000| Untracked 
| 122|0x0000000087a00000, 0x0000000087a00000, 0x0000000087b00000|  0%| F|  |TAMS 0x0000000087a00000| PB 0x0000000087a00000| Untracked 
| 123|0x0000000087b00000, 0x0000000087b00000, 0x0000000087c00000|  0%| F|  |TAMS 0x0000000087b00000| PB 0x0000000087b00000| Untracked 
| 124|0x0000000087c00000, 0x0000000087c00000, 0x0000000087d00000|  0%| F|  |TAMS 0x0000000087c00000| PB 0x0000000087c00000| Untracked 
| 125|0x0000000087d00000, 0x0000000087d00000, 0x0000000087e00000|  0%| F|  |TAMS 0x0000000087d00000| PB 0x0000000087d00000| Untracked 
| 126|0x0000000087e00000, 0x0000000087e00000, 0x0000000087f00000|  0%| F|  |TAMS 0x0000000087e00000| PB 0x0000000087e00000| Untracked 
| 127|0x0000000087f00000, 0x0000000087f00000, 0x0000000088000000|  0%| F|  |TAMS 0x0000000087f00000| PB 0x0000000087f00000| Untracked 
| 128|0x0000000088000000, 0x0000000088000000, 0x0000000088100000|  0%| F|  |TAMS 0x0000000088000000| PB 0x0000000088000000| Untracked 
| 129|0x0000000088100000, 0x0000000088100000, 0x0000000088200000|  0%| F|  |TAMS 0x0000000088100000| PB 0x0000000088100000| Untracked 
| 130|0x0000000088200000, 0x00000000882e96a0, 0x0000000088300000| 91%| S|CS|TAMS 0x0000000088200000| PB 0x0000000088200000| Complete 
| 131|0x0000000088300000, 0x0000000088400000, 0x0000000088400000|100%| S|CS|TAMS 0x0000000088300000| PB 0x0000000088300000| Complete 
| 132|0x0000000088400000, 0x0000000088500000, 0x0000000088500000|100%| S|CS|TAMS 0x0000000088400000| PB 0x0000000088400000| Complete 
| 133|0x0000000088500000, 0x0000000088600000, 0x0000000088600000|100%| S|CS|TAMS 0x0000000088500000| PB 0x0000000088500000| Complete 
| 134|0x0000000088600000, 0x0000000088700000, 0x0000000088700000|100%| S|CS|TAMS 0x0000000088600000| PB 0x0000000088600000| Complete 
| 135|0x0000000088700000, 0x0000000088800000, 0x0000000088800000|100%| S|CS|TAMS 0x0000000088700000| PB 0x0000000088700000| Complete 
| 136|0x0000000088800000, 0x0000000088900000, 0x0000000088900000|100%| S|CS|TAMS 0x0000000088800000| PB 0x0000000088800000| Complete 
| 137|0x0000000088900000, 0x0000000088a00000, 0x0000000088a00000|100%| S|CS|TAMS 0x0000000088900000| PB 0x0000000088900000| Complete 
| 138|0x0000000088a00000, 0x0000000088a00000, 0x0000000088b00000|  0%| F|  |TAMS 0x0000000088a00000| PB 0x0000000088a00000| Untracked 
| 139|0x0000000088b00000, 0x0000000088b00000, 0x0000000088c00000|  0%| F|  |TAMS 0x0000000088b00000| PB 0x0000000088b00000| Untracked 
| 140|0x0000000088c00000, 0x0000000088c00000, 0x0000000088d00000|  0%| F|  |TAMS 0x0000000088c00000| PB 0x0000000088c00000| Untracked 
| 141|0x0000000088d00000, 0x0000000088d00000, 0x0000000088e00000|  0%| F|  |TAMS 0x0000000088d00000| PB 0x0000000088d00000| Untracked 
| 142|0x0000000088e00000, 0x0000000088e00000, 0x0000000088f00000|  0%| F|  |TAMS 0x0000000088e00000| PB 0x0000000088e00000| Untracked 
| 143|0x0000000088f00000, 0x0000000088f00000, 0x0000000089000000|  0%| F|  |TAMS 0x0000000088f00000| PB 0x0000000088f00000| Untracked 
| 144|0x0000000089000000, 0x0000000089000000, 0x0000000089100000|  0%| F|  |TAMS 0x0000000089000000| PB 0x0000000089000000| Untracked 
| 145|0x0000000089100000, 0x0000000089100000, 0x0000000089200000|  0%| F|  |TAMS 0x0000000089100000| PB 0x0000000089100000| Untracked 
| 146|0x0000000089200000, 0x0000000089200000, 0x0000000089300000|  0%| F|  |TAMS 0x0000000089200000| PB 0x0000000089200000| Untracked 
| 147|0x0000000089300000, 0x0000000089300000, 0x0000000089400000|  0%| F|  |TAMS 0x0000000089300000| PB 0x0000000089300000| Untracked 
| 148|0x0000000089400000, 0x0000000089400000, 0x0000000089500000|  0%| F|  |TAMS 0x0000000089400000| PB 0x0000000089400000| Untracked 
| 149|0x0000000089500000, 0x0000000089500000, 0x0000000089600000|  0%| F|  |TAMS 0x0000000089500000| PB 0x0000000089500000| Untracked 
| 150|0x0000000089600000, 0x0000000089600000, 0x0000000089700000|  0%| F|  |TAMS 0x0000000089600000| PB 0x0000000089600000| Untracked 
| 151|0x0000000089700000, 0x0000000089700000, 0x0000000089800000|  0%| F|  |TAMS 0x0000000089700000| PB 0x0000000089700000| Untracked 
| 152|0x0000000089800000, 0x0000000089800000, 0x0000000089900000|  0%| F|  |TAMS 0x0000000089800000| PB 0x0000000089800000| Untracked 
| 153|0x0000000089900000, 0x0000000089900000, 0x0000000089a00000|  0%| F|  |TAMS 0x0000000089900000| PB 0x0000000089900000| Untracked 
| 154|0x0000000089a00000, 0x0000000089a00000, 0x0000000089b00000|  0%| F|  |TAMS 0x0000000089a00000| PB 0x0000000089a00000| Untracked 
| 155|0x0000000089b00000, 0x0000000089b00000, 0x0000000089c00000|  0%| F|  |TAMS 0x0000000089b00000| PB 0x0000000089b00000| Untracked 
| 156|0x0000000089c00000, 0x0000000089c00000, 0x0000000089d00000|  0%| F|  |TAMS 0x0000000089c00000| PB 0x0000000089c00000| Untracked 
| 157|0x0000000089d00000, 0x0000000089d00000, 0x0000000089e00000|  0%| F|  |TAMS 0x0000000089d00000| PB 0x0000000089d00000| Untracked 
| 158|0x0000000089e00000, 0x0000000089e00000, 0x0000000089f00000|  0%| F|  |TAMS 0x0000000089e00000| PB 0x0000000089e00000| Untracked 
| 159|0x0000000089f00000, 0x0000000089f00000, 0x000000008a000000|  0%| F|  |TAMS 0x0000000089f00000| PB 0x0000000089f00000| Untracked 
| 160|0x000000008a000000, 0x000000008a000000, 0x000000008a100000|  0%| F|  |TAMS 0x000000008a000000| PB 0x000000008a000000| Untracked 
| 161|0x000000008a100000, 0x000000008a100000, 0x000000008a200000|  0%| F|  |TAMS 0x000000008a100000| PB 0x000000008a100000| Untracked 
| 162|0x000000008a200000, 0x000000008a200000, 0x000000008a300000|  0%| F|  |TAMS 0x000000008a200000| PB 0x000000008a200000| Untracked 
| 163|0x000000008a300000, 0x000000008a300000, 0x000000008a400000|  0%| F|  |TAMS 0x000000008a300000| PB 0x000000008a300000| Untracked 
| 164|0x000000008a400000, 0x000000008a400000, 0x000000008a500000|  0%| F|  |TAMS 0x000000008a400000| PB 0x000000008a400000| Untracked 
| 165|0x000000008a500000, 0x000000008a500000, 0x000000008a600000|  0%| F|  |TAMS 0x000000008a500000| PB 0x000000008a500000| Untracked 
| 166|0x000000008a600000, 0x000000008a600000, 0x000000008a700000|  0%| F|  |TAMS 0x000000008a600000| PB 0x000000008a600000| Untracked 
| 167|0x000000008a700000, 0x000000008a700000, 0x000000008a800000|  0%| F|  |TAMS 0x000000008a700000| PB 0x000000008a700000| Untracked 
| 168|0x000000008a800000, 0x000000008a800000, 0x000000008a900000|  0%| F|  |TAMS 0x000000008a800000| PB 0x000000008a800000| Untracked 
| 169|0x000000008a900000, 0x000000008a900000, 0x000000008aa00000|  0%| F|  |TAMS 0x000000008a900000| PB 0x000000008a900000| Untracked 
| 170|0x000000008aa00000, 0x000000008aa00000, 0x000000008ab00000|  0%| F|  |TAMS 0x000000008aa00000| PB 0x000000008aa00000| Untracked 
| 171|0x000000008ab00000, 0x000000008ab00000, 0x000000008ac00000|  0%| F|  |TAMS 0x000000008ab00000| PB 0x000000008ab00000| Untracked 
| 172|0x000000008ac00000, 0x000000008ac00000, 0x000000008ad00000|  0%| F|  |TAMS 0x000000008ac00000| PB 0x000000008ac00000| Untracked 
| 173|0x000000008ad00000, 0x000000008ad00000, 0x000000008ae00000|  0%| F|  |TAMS 0x000000008ad00000| PB 0x000000008ad00000| Untracked 
| 174|0x000000008ae00000, 0x000000008ae00000, 0x000000008af00000|  0%| F|  |TAMS 0x000000008ae00000| PB 0x000000008ae00000| Untracked 
| 175|0x000000008af00000, 0x000000008af00000, 0x000000008b000000|  0%| F|  |TAMS 0x000000008af00000| PB 0x000000008af00000| Untracked 
| 176|0x000000008b000000, 0x000000008b000000, 0x000000008b100000|  0%| F|  |TAMS 0x000000008b000000| PB 0x000000008b000000| Untracked 
| 177|0x000000008b100000, 0x000000008b100000, 0x000000008b200000|  0%| F|  |TAMS 0x000000008b100000| PB 0x000000008b100000| Untracked 
| 178|0x000000008b200000, 0x000000008b200000, 0x000000008b300000|  0%| F|  |TAMS 0x000000008b200000| PB 0x000000008b200000| Untracked 
| 179|0x000000008b300000, 0x000000008b300000, 0x000000008b400000|  0%| F|  |TAMS 0x000000008b300000| PB 0x000000008b300000| Untracked 
| 180|0x000000008b400000, 0x000000008b400000, 0x000000008b500000|  0%| F|  |TAMS 0x000000008b400000| PB 0x000000008b400000| Untracked 
| 181|0x000000008b500000, 0x000000008b500000, 0x000000008b600000|  0%| F|  |TAMS 0x000000008b500000| PB 0x000000008b500000| Untracked 
| 182|0x000000008b600000, 0x000000008b600000, 0x000000008b700000|  0%| F|  |TAMS 0x000000008b600000| PB 0x000000008b600000| Untracked 
| 183|0x000000008b700000, 0x000000008b700000, 0x000000008b800000|  0%| F|  |TAMS 0x000000008b700000| PB 0x000000008b700000| Untracked 
| 184|0x000000008b800000, 0x000000008b800000, 0x000000008b900000|  0%| F|  |TAMS 0x000000008b800000| PB 0x000000008b800000| Untracked 
| 185|0x000000008b900000, 0x000000008b900000, 0x000000008ba00000|  0%| F|  |TAMS 0x000000008b900000| PB 0x000000008b900000| Untracked 
| 186|0x000000008ba00000, 0x000000008ba00000, 0x000000008bb00000|  0%| F|  |TAMS 0x000000008ba00000| PB 0x000000008ba00000| Untracked 
| 187|0x000000008bb00000, 0x000000008bb00000, 0x000000008bc00000|  0%| F|  |TAMS 0x000000008bb00000| PB 0x000000008bb00000| Untracked 
| 188|0x000000008bc00000, 0x000000008bc00000, 0x000000008bd00000|  0%| F|  |TAMS 0x000000008bc00000| PB 0x000000008bc00000| Untracked 
| 189|0x000000008bd00000, 0x000000008bd00000, 0x000000008be00000|  0%| F|  |TAMS 0x000000008bd00000| PB 0x000000008bd00000| Untracked 
| 190|0x000000008be00000, 0x000000008be00000, 0x000000008bf00000|  0%| F|  |TAMS 0x000000008be00000| PB 0x000000008be00000| Untracked 
| 191|0x000000008bf00000, 0x000000008bf00000, 0x000000008c000000|  0%| F|  |TAMS 0x000000008bf00000| PB 0x000000008bf00000| Untracked 
| 192|0x000000008c000000, 0x000000008c000000, 0x000000008c100000|  0%| F|  |TAMS 0x000000008c000000| PB 0x000000008c000000| Untracked 
| 193|0x000000008c100000, 0x000000008c100000, 0x000000008c200000|  0%| F|  |TAMS 0x000000008c100000| PB 0x000000008c100000| Untracked 
| 194|0x000000008c200000, 0x000000008c200000, 0x000000008c300000|  0%| F|  |TAMS 0x000000008c200000| PB 0x000000008c200000| Untracked 
| 195|0x000000008c300000, 0x000000008c300000, 0x000000008c400000|  0%| F|  |TAMS 0x000000008c300000| PB 0x000000008c300000| Untracked 
| 196|0x000000008c400000, 0x000000008c400000, 0x000000008c500000|  0%| F|  |TAMS 0x000000008c400000| PB 0x000000008c400000| Untracked 
| 197|0x000000008c500000, 0x000000008c500000, 0x000000008c600000|  0%| F|  |TAMS 0x000000008c500000| PB 0x000000008c500000| Untracked 
| 198|0x000000008c600000, 0x000000008c6b5db8, 0x000000008c700000| 71%| E|  |TAMS 0x000000008c600000| PB 0x000000008c600000| Complete 
|2043|0x00000000ffb00000, 0x00000000ffc00000, 0x00000000ffc00000|100%| O|  |TAMS 0x00000000ffc00000| PB 0x00000000ffb00000| Untracked 
|2044|0x00000000ffc00000, 0x00000000ffd00000, 0x00000000ffd00000|100%| E|CS|TAMS 0x00000000ffc00000| PB 0x00000000ffc00000| Complete 
|2045|0x00000000ffd00000, 0x00000000ffe00000, 0x00000000ffe00000|100%| O|  |TAMS 0x00000000ffe00000| PB 0x00000000ffd00000| Untracked 
|2046|0x00000000ffe00000, 0x00000000fff00000, 0x00000000fff00000|100%| E|CS|TAMS 0x00000000ffe00000| PB 0x00000000ffe00000| Complete 
|2047|0x00000000fff00000, 0x0000000100000000, 0x0000000100000000|100%| O|  |TAMS 0x0000000100000000| PB 0x00000000fff00000| Untracked 

Card table byte_map: [0x000002ae7ab80000,0x000002ae7af80000] _byte_map_base: 0x000002ae7a780000

Marking Bits: (CMBitMap*) 0x000002ae784b2ae0
 Bits: [0x000002ae7af80000, 0x000002ae7cf80000)

Polling page: 0x000002ae78520000

Metaspace:

Usage:
  Non-class:     97.74 MB used.
      Class:     15.02 MB used.
       Both:    112.77 MB used.

Virtual space:
  Non-class space:      128.00 MB reserved,      98.94 MB ( 77%) committed,  2 nodes.
      Class space:        1.00 GB reserved,      16.19 MB (  2%) committed,  1 nodes.
             Both:        1.12 GB reserved,     115.12 MB ( 10%) committed. 

Chunk freelists:
   Non-Class:  12.80 MB
       Class:  15.63 MB
        Both:  28.43 MB

MaxMetaspaceSize: unlimited
CompressedClassSpaceSize: 1.00 GB
Initial GC threshold: 21.00 MB
Current GC threshold: 165.31 MB
CDS: on
 - commit_granule_bytes: 65536.
 - commit_granule_words: 8192.
 - virtual_space_node_default_size: 8388608.
 - enlarge_chunks_in_place: 1.
 - use_allocation_guard: 0.


Internal statistics:

num_allocs_failed_limit: 9.
num_arena_births: 4232.
num_arena_deaths: 10.
num_vsnodes_births: 3.
num_vsnodes_deaths: 0.
num_space_committed: 1840.
num_space_uncommitted: 0.
num_chunks_returned_to_freelist: 32.
num_chunks_taken_from_freelist: 9573.
num_chunk_merges: 9.
num_chunk_splits: 6272.
num_chunks_enlarged: 3942.
num_inconsistent_stats: 0.

CodeHeap 'non-profiled nmethods': size=120000Kb used=9864Kb max_used=9864Kb free=110135Kb
 bounds [0x000002ae0fe90000, 0x000002ae10840000, 0x000002ae173c0000]
CodeHeap 'profiled nmethods': size=120000Kb used=26851Kb max_used=26851Kb free=93148Kb
 bounds [0x000002ae083c0000, 0x000002ae09e00000, 0x000002ae0f8f0000]
CodeHeap 'non-nmethods': size=5760Kb used=2916Kb max_used=2997Kb free=2843Kb
 bounds [0x000002ae0f8f0000, 0x000002ae0fbf0000, 0x000002ae0fe90000]
 total_blobs=14585 nmethods=13579 adapters=909
 compilation: enabled
              stopped_count=0, restarted_count=0
 full_count=0

Compilation events (20 events):
Event: 357.395 Thread 0x000002ae7fa70b00 15788   !   3       jdk.nio.zipfs.ZipFileSystem::isDirectory (42 bytes)
Event: 357.396 Thread 0x000002ae7fa70b00 nmethod 15788 0x000002ae09de6690 code [0x000002ae09de6920, 0x000002ae09de7420]
Event: 357.396 Thread 0x000002ae7fa70b00 15789  s!   3       jdk.nio.zipfs.ZipDirectoryStream::iterator (73 bytes)
Event: 357.397 Thread 0x000002ae7fa70b00 nmethod 15789 0x000002ae09de7910 code [0x000002ae09de7b40, 0x000002ae09de8288]
Event: 357.535 Thread 0x000002ae7fa70b00 15791       3       jdk.nio.zipfs.ZipPath::getFileName (5 bytes)
Event: 357.535 Thread 0x000002ae7fa70b00 nmethod 15791 0x000002ae09de8510 code [0x000002ae09de86c0, 0x000002ae09de87f8]
Event: 357.536 Thread 0x000002ae7fa70b00 15792       3       com.sun.tools.javac.file.RelativePath::<init> (10 bytes)
Event: 357.536 Thread 0x000002ae7fa70b00 nmethod 15792 0x000002ae09de8890 code [0x000002ae09de8a40, 0x000002ae09de8bf8]
Event: 357.537 Thread 0x000002ae7fa70b00 15793       3       com.sun.tools.javac.file.RelativePath::hashCode (8 bytes)
Event: 357.537 Thread 0x000002ae7fa70b00 nmethod 15793 0x000002ae09de8c90 code [0x000002ae09de8e40, 0x000002ae09de8f80]
Event: 357.538 Thread 0x000002ae7fa70b00 15796       3       jdk.nio.zipfs.ZipPath::compareTo (87 bytes)
Event: 357.539 Thread 0x000002ae7fa70b00 nmethod 15796 0x000002ae09de9090 code [0x000002ae09de92c0, 0x000002ae09de9ae8]
Event: 357.539 Thread 0x000002ae7fa70b00 15794       3       jdk.nio.zipfs.ZipPath::relativize (314 bytes)
Event: 357.544 Thread 0x000002ae7fa70b00 nmethod 15794 0x000002ae09de9e10 code [0x000002ae09dea240, 0x000002ae09dec0f0]
Event: 357.545 Thread 0x000002ae7fa70b00 15795       3       jdk.nio.zipfs.ZipPath::equals (38 bytes)
Event: 357.546 Thread 0x000002ae7fa70b00 nmethod 15795 0x000002ae09decd90 code [0x000002ae09decf60, 0x000002ae09ded460]
Event: 357.549 Thread 0x000002ae7fa70b00 15797       3       com.sun.tools.javac.file.JavacFileManager$ArchiveContainer::isValid (39 bytes)
Event: 357.550 Thread 0x000002ae7fa70b00 nmethod 15797 0x000002ae09ded590 code [0x000002ae09ded7c0, 0x000002ae09dede60]
Event: 357.551 Thread 0x000002ae7fa70b00 15798       3       com.sun.tools.javac.file.RelativePath$RelativeDirectory::<init> (44 bytes)
Event: 357.552 Thread 0x000002ae7fa70b00 nmethod 15798 0x000002ae09dee110 code [0x000002ae09dee3a0, 0x000002ae09deedb8]

GC Heap History (20 events):
Event: 36.604 GC heap before
{Heap before GC invocations=28 (full 0):
 garbage-first heap   total 164864K, used 99334K [0x0000000080000000, 0x0000000100000000)
  region size 1024K, 10 young (10240K), 8 survivors (8192K)
 Metaspace       used 71487K, committed 73472K, reserved 1114112K
  class space    used 9703K, committed 10688K, reserved 1048576K
}
Event: 36.610 GC heap after
{Heap after GC invocations=29 (full 0):
 garbage-first heap   total 164864K, used 93922K [0x0000000080000000, 0x0000000100000000)
  region size 1024K, 1 young (1024K), 1 survivors (1024K)
 Metaspace       used 71487K, committed 73472K, reserved 1114112K
  class space    used 9703K, committed 10688K, reserved 1048576K
}
Event: 37.800 GC heap before
{Heap before GC invocations=30 (full 0):
 garbage-first heap   total 168960K, used 148194K [0x0000000080000000, 0x0000000100000000)
  region size 1024K, 53 young (54272K), 1 survivors (1024K)
 Metaspace       used 75164K, committed 77120K, reserved 1179648K
  class space    used 10174K, committed 11136K, reserved 1048576K
}
Event: 37.805 GC heap after
{Heap after GC invocations=31 (full 0):
 garbage-first heap   total 168960K, used 97281K [0x0000000080000000, 0x0000000100000000)
  region size 1024K, 4 young (4096K), 4 survivors (4096K)
 Metaspace       used 75164K, committed 77120K, reserved 1179648K
  class space    used 10174K, committed 11136K, reserved 1048576K
}
Event: 39.012 GC heap before
{Heap before GC invocations=31 (full 0):
 garbage-first heap   total 168960K, used 152577K [0x0000000080000000, 0x0000000100000000)
  region size 1024K, 58 young (59392K), 4 survivors (4096K)
 Metaspace       used 76684K, committed 78720K, reserved 1179648K
  class space    used 10412K, committed 11392K, reserved 1048576K
}
Event: 39.024 GC heap after
{Heap after GC invocations=32 (full 0):
 garbage-first heap   total 202752K, used 100545K [0x0000000080000000, 0x0000000100000000)
  region size 1024K, 8 young (8192K), 8 survivors (8192K)
 Metaspace       used 76684K, committed 78720K, reserved 1179648K
  class space    used 10412K, committed 11392K, reserved 1048576K
}
Event: 41.123 GC heap before
{Heap before GC invocations=32 (full 0):
 garbage-first heap   total 202752K, used 176321K [0x0000000080000000, 0x0000000100000000)
  region size 1024K, 82 young (83968K), 8 survivors (8192K)
 Metaspace       used 82760K, committed 84864K, reserved 1179648K
  class space    used 11239K, committed 12288K, reserved 1048576K
}
Event: 41.136 GC heap after
{Heap after GC invocations=33 (full 0):
 garbage-first heap   total 202752K, used 104095K [0x0000000080000000, 0x0000000100000000)
  region size 1024K, 8 young (8192K), 8 survivors (8192K)
 Metaspace       used 82760K, committed 84864K, reserved 1179648K
  class space    used 11239K, committed 12288K, reserved 1048576K
}
Event: 43.698 GC heap before
{Heap before GC invocations=34 (full 0):
 garbage-first heap   total 202752K, used 179871K [0x0000000080000000, 0x0000000100000000)
  region size 1024K, 82 young (83968K), 8 survivors (8192K)
 Metaspace       used 88246K, committed 90368K, reserved 1179648K
  class space    used 12143K, committed 13184K, reserved 1048576K
}
Event: 43.711 GC heap after
{Heap after GC invocations=35 (full 0):
 garbage-first heap   total 202752K, used 106609K [0x0000000080000000, 0x0000000100000000)
  region size 1024K, 6 young (6144K), 6 survivors (6144K)
 Metaspace       used 88246K, committed 90368K, reserved 1179648K
  class space    used 12143K, committed 13184K, reserved 1048576K
}
Event: 46.295 GC heap before
{Heap before GC invocations=35 (full 0):
 garbage-first heap   total 202752K, used 188529K [0x0000000080000000, 0x0000000100000000)
  region size 1024K, 81 young (82944K), 6 survivors (6144K)
 Metaspace       used 95043K, committed 97280K, reserved 1179648K
  class space    used 12985K, committed 14080K, reserved 1048576K
}
Event: 46.316 GC heap after
{Heap after GC invocations=36 (full 0):
 garbage-first heap   total 204800K, used 112819K [0x0000000080000000, 0x0000000100000000)
  region size 1024K, 11 young (11264K), 11 survivors (11264K)
 Metaspace       used 95043K, committed 97280K, reserved 1179648K
  class space    used 12985K, committed 14080K, reserved 1048576K
}
Event: 48.824 GC heap before
{Heap before GC invocations=36 (full 0):
 garbage-first heap   total 204800K, used 182451K [0x0000000080000000, 0x0000000100000000)
  region size 1024K, 79 young (80896K), 11 survivors (11264K)
 Metaspace       used 98838K, committed 101184K, reserved 1179648K
  class space    used 13517K, committed 14656K, reserved 1048576K
}
Event: 48.840 GC heap after
{Heap after GC invocations=37 (full 0):
 garbage-first heap   total 204800K, used 117674K [0x0000000080000000, 0x0000000100000000)
  region size 1024K, 5 young (5120K), 5 survivors (5120K)
 Metaspace       used 98838K, committed 101184K, reserved 1179648K
  class space    used 13517K, committed 14656K, reserved 1048576K
}
Event: 50.816 GC heap before
{Heap before GC invocations=38 (full 0):
 garbage-first heap   total 208896K, used 187306K [0x0000000080000000, 0x0000000100000000)
  region size 1024K, 74 young (75776K), 5 survivors (5120K)
 Metaspace       used 105617K, committed 107968K, reserved 1179648K
  class space    used 14336K, committed 15488K, reserved 1048576K
}
Event: 50.824 GC heap after
{Heap after GC invocations=39 (full 0):
 garbage-first heap   total 208896K, used 119322K [0x0000000080000000, 0x0000000100000000)
  region size 1024K, 7 young (7168K), 7 survivors (7168K)
 Metaspace       used 105617K, committed 107968K, reserved 1179648K
  class space    used 14336K, committed 15488K, reserved 1048576K
}
Event: 55.436 GC heap before
{Heap before GC invocations=39 (full 0):
 garbage-first heap   total 208896K, used 188954K [0x0000000080000000, 0x0000000100000000)
  region size 1024K, 76 young (77824K), 7 survivors (7168K)
 Metaspace       used 107737K, committed 110144K, reserved 1179648K
  class space    used 14498K, committed 15680K, reserved 1048576K
}
Event: 55.452 GC heap after
{Heap after GC invocations=40 (full 0):
 garbage-first heap   total 208896K, used 123773K [0x0000000080000000, 0x0000000100000000)
  region size 1024K, 8 young (8192K), 8 survivors (8192K)
 Metaspace       used 107737K, committed 110144K, reserved 1179648K
  class space    used 14498K, committed 15680K, reserved 1048576K
}
Event: 357.402 GC heap before
{Heap before GC invocations=40 (full 0):
 garbage-first heap   total 208896K, used 187261K [0x0000000080000000, 0x0000000100000000)
  region size 1024K, 71 young (72704K), 8 survivors (8192K)
 Metaspace       used 115386K, committed 117824K, reserved 1179648K
  class space    used 15370K, committed 16576K, reserved 1048576K
}
Event: 357.503 GC heap after
{Heap after GC invocations=41 (full 0):
 garbage-first heap   total 208896K, used 126692K [0x0000000080000000, 0x0000000100000000)
  region size 1024K, 8 young (8192K), 8 survivors (8192K)
 Metaspace       used 115386K, committed 117824K, reserved 1179648K
  class space    used 15370K, committed 16576K, reserved 1048576K
}

Dll operation events (15 events):
Event: 0.024 Loaded shared library C:\Program Files\Java\jdk-21\bin\java.dll
Event: 0.161 Loaded shared library C:\Program Files\Java\jdk-21\bin\jsvml.dll
Event: 0.280 Loaded shared library C:\Program Files\Java\jdk-21\bin\zip.dll
Event: 0.288 Loaded shared library C:\Program Files\Java\jdk-21\bin\instrument.dll
Event: 0.299 Loaded shared library C:\Program Files\Java\jdk-21\bin\net.dll
Event: 0.305 Loaded shared library C:\Program Files\Java\jdk-21\bin\nio.dll
Event: 0.313 Loaded shared library C:\Program Files\Java\jdk-21\bin\zip.dll
Event: 0.910 Loaded shared library C:\Program Files\Java\jdk-21\bin\jimage.dll
Event: 1.436 Loaded shared library C:\Program Files\Java\jdk-21\bin\verify.dll
Event: 1.880 Loaded shared library C:\Users\jerom\.gradle\native\c067742578af261105cb4f569cf0c3c89f3d7b1fecec35dd04571415982c5e48\windows-amd64\native-platform.dll
Event: 1.892 Loaded shared library C:\Users\jerom\.gradle\native\100fb08df4bc3b14c8652ba06237920a3bd2aa13389f12d3474272988ae205f9\windows-amd64\native-platform-file-events.dll
Event: 4.443 Loaded shared library C:\Program Files\Java\jdk-21\bin\management.dll
Event: 4.453 Loaded shared library C:\Program Files\Java\jdk-21\bin\management_ext.dll
Event: 4.998 Loaded shared library C:\Program Files\Java\jdk-21\bin\extnet.dll
Event: 5.267 Loaded shared library C:\Program Files\Java\jdk-21\bin\sunmscapi.dll

Deoptimization events (20 events):
Event: 356.982 Thread 0x000002ae60568c10 Uncommon trap: trap_request=0xffffff45 fr.pc=0x000002ae0fefe37c relative=0x000000000000071c
Event: 356.982 Thread 0x000002ae60568c10 Uncommon trap: reason=unstable_if action=reinterpret pc=0x000002ae0fefe37c method=jdk.internal.jimage.ImageStringsReader.stringFromByteBuffer(Ljava/nio/ByteBuffer;I)Ljava/lang/String; @ 7 c2
Event: 356.982 Thread 0x000002ae60568c10 DEOPT PACKING pc=0x000002ae0fefe37c sp=0x000000d3b44f7cd0
Event: 356.983 Thread 0x000002ae60568c10 DEOPT UNPACKING pc=0x000002ae0f9446a2 sp=0x000000d3b44f7bf0 mode 2
Event: 357.222 Thread 0x000002ae60568c10 Uncommon trap: trap_request=0xffffffde fr.pc=0x000002ae10537510 relative=0x00000000000008d0
Event: 357.222 Thread 0x000002ae60568c10 Uncommon trap: reason=class_check action=maybe_recompile pc=0x000002ae10537510 method=java.util.zip.InflaterInputStream.read([BII)I @ 78 c2
Event: 357.222 Thread 0x000002ae60568c10 DEOPT PACKING pc=0x000002ae10537510 sp=0x000000d3b44f7dd0
Event: 357.222 Thread 0x000002ae60568c10 DEOPT UNPACKING pc=0x000002ae0f9446a2 sp=0x000000d3b44f7d90 mode 2
Event: 357.271 Thread 0x000002ae60568c10 Uncommon trap: trap_request=0xffffffde fr.pc=0x000002ae10537510 relative=0x00000000000008d0
Event: 357.271 Thread 0x000002ae60568c10 Uncommon trap: reason=class_check action=maybe_recompile pc=0x000002ae10537510 method=java.util.zip.InflaterInputStream.read([BII)I @ 78 c2
Event: 357.271 Thread 0x000002ae60568c10 DEOPT PACKING pc=0x000002ae10537510 sp=0x000000d3b44f7dd0
Event: 357.271 Thread 0x000002ae60568c10 DEOPT UNPACKING pc=0x000002ae0f9446a2 sp=0x000000d3b44f7d90 mode 2
Event: 357.328 Thread 0x000002ae60568c10 Uncommon trap: trap_request=0xffffffde fr.pc=0x000002ae10537510 relative=0x00000000000008d0
Event: 357.328 Thread 0x000002ae60568c10 Uncommon trap: reason=class_check action=maybe_recompile pc=0x000002ae10537510 method=java.util.zip.InflaterInputStream.read([BII)I @ 78 c2
Event: 357.328 Thread 0x000002ae60568c10 DEOPT PACKING pc=0x000002ae10537510 sp=0x000000d3b44f7dd0
Event: 357.328 Thread 0x000002ae60568c10 DEOPT UNPACKING pc=0x000002ae0f9446a2 sp=0x000000d3b44f7d90 mode 2
Event: 357.377 Thread 0x000002ae60568c10 Uncommon trap: trap_request=0xffffffde fr.pc=0x000002ae10537510 relative=0x00000000000008d0
Event: 357.377 Thread 0x000002ae60568c10 Uncommon trap: reason=class_check action=maybe_recompile pc=0x000002ae10537510 method=java.util.zip.InflaterInputStream.read([BII)I @ 78 c2
Event: 357.377 Thread 0x000002ae60568c10 DEOPT PACKING pc=0x000002ae10537510 sp=0x000000d3b44f7dd0
Event: 357.377 Thread 0x000002ae60568c10 DEOPT UNPACKING pc=0x000002ae0f9446a2 sp=0x000000d3b44f7d90 mode 2

Classes loaded (20 events):
Event: 351.990 Loading class java/nio/file/ProviderNotFoundException
Event: 351.990 Loading class java/nio/file/ProviderNotFoundException done
Event: 352.189 Loading class java/util/JumboEnumSet
Event: 352.192 Loading class java/util/JumboEnumSet done
Event: 352.452 Loading class java/util/JumboEnumSet$EnumSetIterator
Event: 352.452 Loading class java/util/JumboEnumSet$EnumSetIterator done
Event: 352.516 Loading class java/util/ResourceBundle$KeyElementReference
Event: 352.517 Loading class java/util/ResourceBundle$CacheKeyReference
Event: 352.518 Loading class java/util/ResourceBundle$CacheKeyReference done
Event: 352.518 Loading class java/util/ResourceBundle$KeyElementReference done
Event: 352.521 Loading class java/util/ResourceBundle$3
Event: 352.532 Loading class java/util/ResourceBundle$3 done
Event: 352.878 Loading class java/util/ResourceBundle$BundleReference
Event: 352.879 Loading class java/util/ResourceBundle$BundleReference done
Event: 353.198 Loading class java/util/HashMap$EntrySpliterator
Event: 353.201 Loading class java/util/HashMap$EntrySpliterator done
Event: 353.662 Loading class java/util/ServiceLoader$ProviderSpliterator
Event: 353.664 Loading class java/util/ServiceLoader$ProviderSpliterator done
Event: 356.917 Loading class jdk/internal/jimage/ImageReader$LinkNode
Event: 356.918 Loading class jdk/internal/jimage/ImageReader$LinkNode done

Classes unloaded (20 events):
Event: 28.713 Thread 0x000002ae7fa3e4d0 Unloading class 0x000002ae197042c0 'ProtobufPatchPlugin$_apply_closure1'
Event: 28.713 Thread 0x000002ae7fa3e4d0 Unloading class 0x000002ae19704000 'ProtobufPatchPlugin'
Event: 28.713 Thread 0x000002ae7fa3e4d0 Unloading class 0x000002ae19660908 '_BuildScript_$_run_closure1$_closure2'
Event: 28.713 Thread 0x000002ae7fa3e4d0 Unloading class 0x000002ae19660528 '_BuildScript_$_run_closure1'
Event: 28.713 Thread 0x000002ae7fa3e4d0 Unloading class 0x000002ae19660000 '_BuildScript_'
Event: 32.512 Thread 0x000002ae7fa3e4d0 Unloading class 0x000002ae19719800 '_BuildScript_'
Event: 32.512 Thread 0x000002ae7fa3e4d0 Unloading class 0x000002ae19711908 '_BuildScript_$_run_closure1$_closure2'
Event: 32.512 Thread 0x000002ae7fa3e4d0 Unloading class 0x000002ae19711528 '_BuildScript_$_run_closure1'
Event: 32.512 Thread 0x000002ae7fa3e4d0 Unloading class 0x000002ae19711000 '_BuildScript_'
Event: 32.512 Thread 0x000002ae7fa3e4d0 Unloading class 0x000002ae1970b100 '_BuildScript_$_run_closure1$_closure2'
Event: 32.512 Thread 0x000002ae7fa3e4d0 Unloading class 0x000002ae1970ad20 '_BuildScript_$_run_closure1'
Event: 32.512 Thread 0x000002ae7fa3e4d0 Unloading class 0x000002ae1970a7f8 '_BuildScript_'
Event: 32.512 Thread 0x000002ae7fa3e4d0 Unloading class 0x000002ae1970a550 'JavaLanguageServerAndroidPlugin$AddProjectDependenciesAction'
Event: 32.512 Thread 0x000002ae7fa3e4d0 Unloading class 0x000002ae1970a2a8 'JavaLanguageServerAndroidPlugin$AddAndroidSDKAction'
Event: 32.512 Thread 0x000002ae7fa3e4d0 Unloading class 0x000002ae1970a000 'JavaLanguageServerAndroidPlugin$AddBuildConfigFilesAction'
Event: 32.512 Thread 0x000002ae7fa3e4d0 Unloading class 0x000002ae19709bd8 'JavaLanguageServerAndroidPlugin$AddRFilesAction'
Event: 32.512 Thread 0x000002ae7fa3e4d0 Unloading class 0x000002ae19709930 'JavaLanguageServerAndroidPlugin$AddDataBindingFilesAction'
Event: 32.512 Thread 0x000002ae7fa3e4d0 Unloading class 0x000002ae19709688 'JavaLanguageServerAndroidPlugin$AddSourceFoldersAction'
Event: 32.512 Thread 0x000002ae7fa3e4d0 Unloading class 0x000002ae197092a8 'JavaLanguageServerAndroidPlugin$_apply_closure1'
Event: 32.512 Thread 0x000002ae7fa3e4d0 Unloading class 0x000002ae19709000 'JavaLanguageServerAndroidPlugin'

Classes redefined (0 events):
No events

Internal exceptions (20 events):
Event: 350.113 Thread 0x000002ae60568c10 Exception <a 'java/lang/ClassNotFoundException'{0x0000000089d59e68}: eclipsePlugin_bg9sn7tuzq0a38s4lhsfbz3v4BeanInfo> (0x0000000089d59e68) 
thrown [s\open\src\hotspot\share\classfile\systemDictionary.cpp, line 312]
Event: 350.118 Thread 0x000002ae60568c10 Exception <a 'java/lang/ClassNotFoundException'{0x0000000089d608b8}: eclipsePlugin_bg9sn7tuzq0a38s4lhsfbz3v4Customizer> (0x0000000089d608b8) 
thrown [s\open\src\hotspot\share\classfile\systemDictionary.cpp, line 312]
Event: 350.386 Thread 0x000002ae5f7a76f0 Exception <a 'sun/nio/fs/WindowsException'{0x0000000089da33b8}> (0x0000000089da33b8) 
thrown [s\open\src\hotspot\share\prims\jni.cpp, line 520]
Event: 350.392 Thread 0x000002ae5f7a76f0 Exception <a 'sun/nio/fs/WindowsException'{0x0000000089da3a10}> (0x0000000089da3a10) 
thrown [s\open\src\hotspot\share\prims\jni.cpp, line 520]
Event: 350.400 Thread 0x000002ae5f7a76f0 Exception <a 'sun/nio/fs/WindowsException'{0x0000000089daf1a0}> (0x0000000089daf1a0) 
thrown [s\open\src\hotspot\share\prims\jni.cpp, line 520]
Event: 350.545 Thread 0x000002ae60568c10 Exception <a 'sun/nio/fs/WindowsException'{0x0000000089dcf870}> (0x0000000089dcf870) 
thrown [s\open\src\hotspot\share\prims\jni.cpp, line 520]
Event: 350.550 Thread 0x000002ae60568c10 Exception <a 'sun/nio/fs/WindowsException'{0x0000000089dd1308}> (0x0000000089dd1308) 
thrown [s\open\src\hotspot\share\prims\jni.cpp, line 520]
Event: 350.550 Thread 0x000002ae60568c10 Exception <a 'sun/nio/fs/WindowsException'{0x0000000089dd2a88}> (0x0000000089dd2a88) 
thrown [s\open\src\hotspot\share\prims\jni.cpp, line 520]
Event: 350.551 Thread 0x000002ae60568c10 Exception <a 'sun/nio/fs/WindowsException'{0x0000000089dd41e8}> (0x0000000089dd41e8) 
thrown [s\open\src\hotspot\share\prims\jni.cpp, line 520]
Event: 351.076 Thread 0x000002ae60568c10 Exception <a 'sun/nio/fs/WindowsException'{0x0000000089c1ee68}> (0x0000000089c1ee68) 
thrown [s\open\src\hotspot\share\prims\jni.cpp, line 520]
Event: 351.082 Thread 0x000002ae60568c10 Exception <a 'sun/nio/fs/WindowsException'{0x0000000089c20858}> (0x0000000089c20858) 
thrown [s\open\src\hotspot\share\prims\jni.cpp, line 520]
Event: 351.149 Thread 0x000002ae60568c10 Exception <a 'sun/nio/fs/WindowsException'{0x0000000089c241a0}> (0x0000000089c241a0) 
thrown [s\open\src\hotspot\share\prims\jni.cpp, line 520]
Event: 353.217 Thread 0x000002ae60568c10 Implicit null exception at 0x000002ae107c6480 to 0x000002ae107c64b8
Event: 353.533 Thread 0x000002ae60568c10 Exception <a 'java/lang/NoSuchMethodError'{0x0000000089988d50}: 'java.lang.Object java.lang.invoke.DirectMethodHandle$Holder.newInvokeSpecial(java.lang.Object, java.lang.Object, java.lang.Object, int, int)'> (0x0000000089988d50) 
thrown [s\open\src\hotspot\share\interpreter\linkResolver.cpp, line 773]
Event: 353.565 Thread 0x000002ae60568c10 Exception <a 'java/lang/NoSuchMethodError'{0x00000000899c4f68}: 'java.lang.Object java.lang.invoke.Invokers$Holder.linkToTargetMethod(java.lang.Object, java.lang.Object, java.lang.Object, int, int, java.lang.Object, java.lang.Object)'> (0x00000000899c4f68) 
thrown [s\open\src\hotspot\share\interpreter\linkResolver.cpp, line 773]
Event: 353.601 Thread 0x000002ae60568c10 Implicit null exception at 0x000002ae0fede700 to 0x000002ae0fede72c
Event: 353.784 Thread 0x000002ae60568c10 Exception <a 'java/lang/NoSuchMethodError'{0x00000000898c1170}: 'java.lang.Object java.lang.invoke.DirectMethodHandle$Holder.newInvokeSpecial(java.lang.Object, java.lang.Object, java.lang.Object, java.lang.Object, int, int)'> (0x00000000898c1170) 
thrown [s\open\src\hotspot\share\interpreter\linkResolver.cpp, line 773]
Event: 353.799 Thread 0x000002ae60568c10 Exception <a 'java/lang/NoSuchMethodError'{0x00000000898c9510}: 'java.lang.Object java.lang.invoke.Invokers$Holder.linkToTargetMethod(java.lang.Object, java.lang.Object, java.lang.Object, int, int, java.lang.Object)'> (0x00000000898c9510) 
thrown [s\open\src\hotspot\share\interpreter\linkResolver.cpp, line 773]
Event: 353.967 Thread 0x000002ae60568c10 Exception <a 'sun/nio/fs/WindowsException'{0x00000000898e72a8}> (0x00000000898e72a8) 
thrown [s\open\src\hotspot\share\prims\jni.cpp, line 520]
Event: 353.981 Thread 0x000002ae60568c10 Exception <a 'sun/nio/fs/WindowsException'{0x00000000898e9a50}> (0x00000000898e9a50) 
thrown [s\open\src\hotspot\share\prims\jni.cpp, line 520]

ZGC Phase Switch (0 events):
No events

VM Operations (20 events):
Event: 350.749 Executing VM operation: Cleanup
Event: 350.765 Executing VM operation: Cleanup done
Event: 351.780 Executing VM operation: Cleanup
Event: 351.795 Executing VM operation: Cleanup done
Event: 352.346 Executing VM operation: HandshakeAllThreads (Deoptimize)
Event: 352.352 Executing VM operation: HandshakeAllThreads (Deoptimize) done
Event: 353.177 Executing VM operation: HandshakeAllThreads (Deoptimize)
Event: 353.177 Executing VM operation: HandshakeAllThreads (Deoptimize) done
Event: 353.177 Executing VM operation: Cleanup
Event: 353.177 Executing VM operation: Cleanup done
Event: 353.718 Executing VM operation: HandshakeAllThreads (Deoptimize)
Event: 353.719 Executing VM operation: HandshakeAllThreads (Deoptimize) done
Event: 354.733 Executing VM operation: Cleanup
Event: 354.795 Executing VM operation: Cleanup done
Event: 356.820 Executing VM operation: Cleanup
Event: 356.820 Executing VM operation: Cleanup done
Event: 356.963 Executing VM operation: HandshakeAllThreads (Deoptimize)
Event: 356.963 Executing VM operation: HandshakeAllThreads (Deoptimize) done
Event: 357.400 Executing VM operation: G1CollectForAllocation (G1 Evacuation Pause)
Event: 357.504 Executing VM operation: G1CollectForAllocation (G1 Evacuation Pause) done

Events (20 events):
Event: 115.934 Thread 0x000002ae177a98e0 Thread exited: 0x000002ae177a98e0
Event: 115.965 Thread 0x000002ae5e7c4700 Thread exited: 0x000002ae5e7c4700
Event: 116.008 Thread 0x000002ae6416b840 Thread exited: 0x000002ae6416b840
Event: 117.107 Thread 0x000002ae1777db10 Thread exited: 0x000002ae1777db10
Event: 320.580 Thread 0x000002ae60568580 Thread added: 0x000002ae60568580
Event: 343.817 Thread 0x000002ae6056ace0 Thread added: 0x000002ae6056ace0
Event: 343.838 Thread 0x000002ae60569930 Thread added: 0x000002ae60569930
Event: 344.335 Thread 0x000002ae60569fc0 Thread added: 0x000002ae60569fc0
Event: 344.405 Thread 0x000002ae60568c10 Thread added: 0x000002ae60568c10
Event: 344.499 Thread 0x000002ae6056c090 Thread added: 0x000002ae6056c090
Event: 344.536 Thread 0x000002ae6056c720 Thread added: 0x000002ae6056c720
Event: 344.540 Thread 0x000002ae6056b370 Thread added: 0x000002ae6056b370
Event: 345.056 Thread 0x000002ae605692a0 Thread added: 0x000002ae605692a0
Event: 345.096 Thread 0x000002ae6056cdb0 Thread added: 0x000002ae6056cdb0
Event: 345.318 Thread 0x000002ae5f2ee6a0 Thread added: 0x000002ae5f2ee6a0
Event: 345.547 Thread 0x000002ae5f2ee6a0 Thread exited: 0x000002ae5f2ee6a0
Event: 348.865 Thread 0x000002ae6056fba0 Thread added: 0x000002ae6056fba0
Event: 349.124 Thread 0x000002ae6056dad0 Thread added: 0x000002ae6056dad0
Event: 349.313 Thread 0x000002ae6056e160 Thread added: 0x000002ae6056e160
Event: 357.280 Thread 0x000002ae5f2ee6a0 Thread added: 0x000002ae5f2ee6a0


Dynamic libraries:
0x00007ff64b350000 - 0x00007ff64b360000 	C:\Program Files\Java\jdk-21\bin\java.exe
0x00007ffbf86a0000 - 0x00007ffbf8900000 	C:\WINDOWS\SYSTEM32\ntdll.dll
0x00007ffbf74e0000 - 0x00007ffbf75a7000 	C:\WINDOWS\System32\KERNEL32.DLL
0x00007ffbf5a90000 - 0x00007ffbf5e5a000 	C:\WINDOWS\System32\KERNELBASE.dll
0x00007ffbf5880000 - 0x00007ffbf59cb000 	C:\WINDOWS\System32\ucrtbase.dll
0x00007ffbd1140000 - 0x00007ffbd115b000 	C:\Program Files\Java\jdk-21\bin\VCRUNTIME140.dll
0x00007ffbc9080000 - 0x00007ffbc9099000 	C:\Program Files\Java\jdk-21\bin\jli.dll
0x00007ffbf7c10000 - 0x00007ffbf7cc2000 	C:\WINDOWS\System32\ADVAPI32.dll
0x00007ffbf6860000 - 0x00007ffbf6909000 	C:\WINDOWS\System32\msvcrt.dll
0x00007ffbf75b0000 - 0x00007ffbf7656000 	C:\WINDOWS\System32\sechost.dll
0x00007ffbf8180000 - 0x00007ffbf8296000 	C:\WINDOWS\System32\RPCRT4.dll
0x00007ffbf78a0000 - 0x00007ffbf7a6c000 	C:\WINDOWS\System32\USER32.dll
0x00007ffbf59d0000 - 0x00007ffbf59f7000 	C:\WINDOWS\System32\win32u.dll
0x00007ffbe2a70000 - 0x00007ffbe2d07000 	C:\WINDOWS\WinSxS\amd64_microsoft.windows.common-controls_6595b64144ccf1df_6.0.26100.3624_none_3e086962e3345f24\COMCTL32.dll
0x00007ffbf77f0000 - 0x00007ffbf781a000 	C:\WINDOWS\System32\GDI32.dll
0x00007ffbf6360000 - 0x00007ffbf6491000 	C:\WINDOWS\System32\gdi32full.dll
0x00007ffbf5fe0000 - 0x00007ffbf6083000 	C:\WINDOWS\System32\msvcp_win.dll
0x00007ffbe2d10000 - 0x00007ffbe2d1b000 	C:\WINDOWS\SYSTEM32\VERSION.dll
0x00007ffbf84e0000 - 0x00007ffbf850f000 	C:\WINDOWS\System32\IMM32.DLL
0x00007ffbd1640000 - 0x00007ffbd164c000 	C:\Program Files\Java\jdk-21\bin\vcruntime140_1.dll
0x00007ffb7dd20000 - 0x00007ffb7ddae000 	C:\Program Files\Java\jdk-21\bin\msvcp140.dll
0x00007ffb5d100000 - 0x00007ffb5de1a000 	C:\Program Files\Java\jdk-21\bin\server\jvm.dll
0x00007ffbf7760000 - 0x00007ffbf77d4000 	C:\WINDOWS\System32\WS2_32.dll
0x00007ffbf44d0000 - 0x00007ffbf452e000 	C:\WINDOWS\SYSTEM32\POWRPROF.dll
0x00007ffbe4fb0000 - 0x00007ffbe4fe6000 	C:\WINDOWS\SYSTEM32\WINMM.dll
0x00007ffbf44a0000 - 0x00007ffbf44b4000 	C:\WINDOWS\SYSTEM32\UMPDC.dll
0x00007ffbf47b0000 - 0x00007ffbf47ca000 	C:\WINDOWS\SYSTEM32\kernel.appcore.dll
0x00007ffbd1580000 - 0x00007ffbd158a000 	C:\Program Files\Java\jdk-21\bin\jimage.dll
0x00007ffbe8530000 - 0x00007ffbe8771000 	C:\WINDOWS\SYSTEM32\DBGHELP.DLL
0x00007ffbf64a0000 - 0x00007ffbf6822000 	C:\WINDOWS\System32\combase.dll
0x00007ffbf8400000 - 0x00007ffbf84d6000 	C:\WINDOWS\System32\OLEAUT32.dll
0x00007ffbde240000 - 0x00007ffbde279000 	C:\WINDOWS\SYSTEM32\dbgcore.DLL
0x00007ffbf6090000 - 0x00007ffbf6129000 	C:\WINDOWS\System32\bcryptPrimitives.dll
0x00007ffbccdb0000 - 0x00007ffbccdbf000 	C:\Program Files\Java\jdk-21\bin\instrument.dll
0x00007ffbc39d0000 - 0x00007ffbc39ef000 	C:\Program Files\Java\jdk-21\bin\java.dll
0x00007ffbf6920000 - 0x00007ffbf7049000 	C:\WINDOWS\System32\SHELL32.dll
0x00007ffbf6130000 - 0x00007ffbf6298000 	C:\WINDOWS\System32\wintypes.dll
0x00007ffbf3530000 - 0x00007ffbf3d82000 	C:\WINDOWS\SYSTEM32\windows.storage.dll
0x00007ffbf7670000 - 0x00007ffbf775d000 	C:\WINDOWS\System32\SHCORE.dll
0x00007ffbf8110000 - 0x00007ffbf8174000 	C:\WINDOWS\System32\shlwapi.dll
0x00007ffbf5790000 - 0x00007ffbf57bf000 	C:\WINDOWS\SYSTEM32\profapi.dll
0x00007ffb7ce00000 - 0x00007ffb7ced7000 	C:\Program Files\Java\jdk-21\bin\jsvml.dll
0x00007ffbc0eb0000 - 0x00007ffbc0ec8000 	C:\Program Files\Java\jdk-21\bin\zip.dll
0x00007ffbccca0000 - 0x00007ffbcccb0000 	C:\Program Files\Java\jdk-21\bin\net.dll
0x00007ffbed9c0000 - 0x00007ffbedadd000 	C:\WINDOWS\SYSTEM32\WINHTTP.dll
0x00007ffbf4cd0000 - 0x00007ffbf4d3a000 	C:\WINDOWS\system32\mswsock.dll
0x00007ffba1830000 - 0x00007ffba1846000 	C:\Program Files\Java\jdk-21\bin\nio.dll
0x00007ffbcc770000 - 0x00007ffbcc780000 	C:\Program Files\Java\jdk-21\bin\verify.dll
0x00007ffba1b50000 - 0x00007ffba1b77000 	C:\Users\jerom\.gradle\native\c067742578af261105cb4f569cf0c3c89f3d7b1fecec35dd04571415982c5e48\windows-amd64\native-platform.dll
0x00007ffb84e10000 - 0x00007ffb84f54000 	C:\Users\jerom\.gradle\native\100fb08df4bc3b14c8652ba06237920a3bd2aa13389f12d3474272988ae205f9\windows-amd64\native-platform-file-events.dll
0x00007ffbcc3e0000 - 0x00007ffbcc3ea000 	C:\Program Files\Java\jdk-21\bin\management.dll
0x00007ffbc8fd0000 - 0x00007ffbc8fdb000 	C:\Program Files\Java\jdk-21\bin\management_ext.dll
0x00007ffbf7660000 - 0x00007ffbf7668000 	C:\WINDOWS\System32\PSAPI.DLL
0x00007ffbf4f80000 - 0x00007ffbf4f9c000 	C:\WINDOWS\SYSTEM32\CRYPTSP.dll
0x00007ffbf4710000 - 0x00007ffbf474a000 	C:\WINDOWS\system32\rsaenh.dll
0x00007ffbf4d70000 - 0x00007ffbf4d9b000 	C:\WINDOWS\SYSTEM32\USERENV.dll
0x00007ffbf5760000 - 0x00007ffbf5786000 	C:\WINDOWS\SYSTEM32\bcrypt.dll
0x00007ffbf4f70000 - 0x00007ffbf4f7c000 	C:\WINDOWS\SYSTEM32\CRYPTBASE.dll
0x00007ffbf4150000 - 0x00007ffbf4183000 	C:\WINDOWS\SYSTEM32\IPHLPAPI.DLL
0x00007ffbf77e0000 - 0x00007ffbf77ea000 	C:\WINDOWS\System32\NSI.dll
0x00007ffbc8f50000 - 0x00007ffbc8f59000 	C:\Program Files\Java\jdk-21\bin\extnet.dll
0x00007ffbc6250000 - 0x00007ffbc625e000 	C:\Program Files\Java\jdk-21\bin\sunmscapi.dll
0x00007ffbf5e60000 - 0x00007ffbf5fd7000 	C:\WINDOWS\System32\CRYPT32.dll
0x00007ffbf5170000 - 0x00007ffbf51a0000 	C:\WINDOWS\SYSTEM32\ncrypt.dll
0x00007ffbf5120000 - 0x00007ffbf515f000 	C:\WINDOWS\SYSTEM32\NTASN1.dll
0x00007ffbef160000 - 0x00007ffbef168000 	C:\WINDOWS\system32\wshunix.dll
0x00007ffbf48d0000 - 0x00007ffbf4905000 	C:\WINDOWS\SYSTEM32\ntmarta.dll

dbghelp: loaded successfully - version: 4.0.5 - missing functions: none
symbol engine: initialized successfully - sym options: 0x614 - pdb path: .;C:\Program Files\Java\jdk-21\bin;C:\WINDOWS\SYSTEM32;C:\WINDOWS\WinSxS\amd64_microsoft.windows.common-controls_6595b64144ccf1df_6.0.26100.3624_none_3e086962e3345f24;C:\Program Files\Java\jdk-21\bin\server;C:\Users\jerom\.gradle\native\c067742578af261105cb4f569cf0c3c89f3d7b1fecec35dd04571415982c5e48\windows-amd64;C:\Users\jerom\.gradle\native\100fb08df4bc3b14c8652ba06237920a3bd2aa13389f12d3474272988ae205f9\windows-amd64

VM Arguments:
jvm_args: --add-opens=java.base/java.util=ALL-UNNAMED --add-opens=java.base/java.lang=ALL-UNNAMED --add-opens=java.base/java.lang.invoke=ALL-UNNAMED --add-opens=java.prefs/java.util.prefs=ALL-UNNAMED --add-exports=jdk.compiler/com.sun.tools.javac.api=ALL-UNNAMED --add-exports=jdk.compiler/com.sun.tools.javac.util=ALL-UNNAMED --add-opens=java.base/java.nio.charset=ALL-UNNAMED --add-opens=java.base/java.net=ALL-UNNAMED --add-opens=java.base/java.util.concurrent.atomic=ALL-UNNAMED -Xmx2048m -Dfile.encoding=UTF-8 -Duser.country=US -Duser.language=en -Duser.variant -javaagent:C:\Users\jerom\.gradle\wrapper\dists\gradle-8.9-bin\90cnw93cvbtalezasaz0blq0a\gradle-8.9\lib\agents\gradle-instrumentation-agent-8.9.jar 
java_command: org.gradle.launcher.daemon.bootstrap.GradleDaemon 8.9
java_class_path (initial): C:\Users\jerom\.gradle\wrapper\dists\gradle-8.9-bin\90cnw93cvbtalezasaz0blq0a\gradle-8.9\lib\gradle-daemon-main-8.9.jar
Launcher Type: SUN_STANDARD

[Global flags]
     intx CICompilerCount                          = 4                                         {product} {ergonomic}
     uint ConcGCThreads                            = 2                                         {product} {ergonomic}
     uint G1ConcRefinementThreads                  = 8                                         {product} {ergonomic}
   size_t G1HeapRegionSize                         = 1048576                                   {product} {ergonomic}
    uintx GCDrainStackTargetSize                   = 64                                        {product} {ergonomic}
   size_t InitialHeapSize                          = 132120576                                 {product} {ergonomic}
   size_t MarkStackSize                            = 4194304                                   {product} {ergonomic}
   size_t MaxHeapSize                              = 2147483648                                {product} {command line}
   size_t MaxNewSize                               = 1287651328                                {product} {ergonomic}
   size_t MinHeapDeltaBytes                        = 1048576                                   {product} {ergonomic}
   size_t MinHeapSize                              = 8388608                                   {product} {ergonomic}
    uintx NonNMethodCodeHeapSize                   = 5839372                                {pd product} {ergonomic}
    uintx NonProfiledCodeHeapSize                  = 122909434                              {pd product} {ergonomic}
    uintx ProfiledCodeHeapSize                     = 122909434                              {pd product} {ergonomic}
    uintx ReservedCodeCacheSize                    = 251658240                              {pd product} {ergonomic}
     bool SegmentedCodeCache                       = true                                      {product} {ergonomic}
   size_t SoftMaxHeapSize                          = 2147483648                             {manageable} {ergonomic}
     bool UseCompressedOops                        = true                           {product lp64_product} {ergonomic}
     bool UseG1GC                                  = true                                      {product} {ergonomic}
     bool UseLargePagesIndividualAllocation        = false                                  {pd product} {ergonomic}

Logging:
Log output configuration:
 #0: stdout all=warning uptime,level,tags foldmultilines=false
 #1: stderr all=off uptime,level,tags foldmultilines=false

Environment Variables:
JAVA_HOME=C:\Program Files\Java\jdk-21\
PATH=C:\Python313\Scripts\;C:\Python313\;C:\Program Files\Java\jdk-21\bin;C:\Program Files\Common Files\Oracle\Java\javapath;C:\Program Files\National Instruments\Shared\OpenVINO\;C:\WINDOWS\system32;C:\WINDOWS;C:\WINDOWS\System32\Wbem;C:\WINDOWS\System32\WindowsPowerShell\v1.0\;C:\WINDOWS\System32\OpenSSH\;C:\Program Files\Microsoft SQL Server\150\Tools\Binn\;C:\Program Files\Microsoft SQL Server\Client SDK\ODBC\170\Tools\Binn\;C:\Program Files\dotnet\;C:\Program Files (x86)\Windows Kits\10\Windows Performance Toolkit\;C:\msys64\mingw64\bin;C:\Users\jerom\Anaconda3\Scripts\;C:\Program Files\Git\cmd;C:\Program Files\Git\bin;C:\Program Files\nodejs\;C:\ProgramData\chocolatey\bin;C:\Program Files\apache-maven-3.9.9\bin;C:\Program Files\Cloudflare\Cloudflare WARP\;C:\Users\jerom\.cargo\bin;C:\Users\jerom\FlutterSDK\flutter\bin;C:\Users\jerom\AppData\Local\Microsoft\WindowsApps;C:\Users\jerom\AppData\Local\Programs\Microsoft VS Code\bin;C:\Users\jerom\AppData\Local\GitHubDesktop\bin;C:\Users\jerom\.dotnet\tools;c:\users\jerom\.local\bin;C:\Users\jerom\AppData\Roaming\npm;C:\Users\jerom\AppData\Local\Programs\Microsoft VS Code Insiders\bin
USERNAME=jerom
OS=Windows_NT
PROCESSOR_IDENTIFIER=Intel64 Family 6 Model 142 Stepping 10, GenuineIntel
TMP=C:\Users\jerom\AppData\Local\Temp
TEMP=C:\Users\jerom\AppData\Local\Temp




Periodic native trim disabled

---------------  S Y S T E M  ---------------

OS:
 Windows 11 , 64 bit Build 26100 (10.0.26100.3775)
OS uptime: 0 days 3:32 hours
Hyper-V role detected

CPU: total 8 (initial active 8) (4 cores per cpu, 2 threads per core) family 6 model 142 stepping 10 microcode 0xe0, cx8, cmov, fxsr, ht, mmx, 3dnowpref, sse, sse2, sse3, ssse3, sse4.1, sse4.2, popcnt, lzcnt, tsc, tscinvbit, avx, avx2, aes, erms, clmul, bmi1, bmi2, adx, fma, vzeroupper, clflush, clflushopt, hv, rdtscp, f16c
Processor Information for all 8 processors :
  Max Mhz: 1801, Current Mhz: 1600, Mhz Limit: 1584

Memory: 4k page, system-wide physical 8007M (492M free)
TotalPageFile size 18098M (AvailPageFile size 4M)
current process WorkingSet (physical memory assigned to process): 295M, peak: 526M
current process commit charge ("private bytes"): 551M, peak: 565M

vm_info: Java HotSpot(TM) 64-Bit Server VM (21.0.6+8-LTS-188) for windows-amd64 JRE (21.0.6+8-LTS-188), built on 2024-12-03T10:50:54Z by "mach5one" with MS VC++ 17.6 (VS2022)

END.
